#
# A fatal error has been detected by the Java Runtime Environment:
#
#  SIGSEGV (0xb) at pc=0x00007fbd2c85bc40, pid=13307, tid=0x00007fbd2a1e6700
#
# JRE version: OpenJDK Runtime Environment (8.0_212) (build 1.8.0_212-release-1586-b4-5784211)
# Java VM: OpenJDK 64-Bit Server VM (25.212-b4-5784211 mixed mode linux-amd64 compressed oops)
# Problematic frame:
# C  [libc.so.6+0x18ec40]
#
# Failed to write core dump. Core dumps have been disabled. To enable core dumping, try "ulimit -c unlimited" before starting Java again
#
# If you would like to submit a bug report, please visit:
#   http://bugreport.java.com/bugreport/crash.jsp
#

---------------  T H R E A D  ---------------

Current thread (0x00007fbd24023000):  GCTaskThread [stack: 0x00007fbd2a0e7000,0x00007fbd2a1e7000] [id=13312]

siginfo: si_signo: 11 (SIGSEGV), si_code: 2 (SEGV_ACCERR), si_addr: 0x000000010d782b68

Registers:
RAX=0x00000000a03b0688, RBX=0x00000000e439e348, RCX=0x00007fbd2a2e9d83, RDX=0x00000000293e4840
RSP=0x00007fbd2a1e5c58, RBP=0x00007fbd2a1e5cc0, RSI=0x00000000e439e348, RDI=0x00000000a03b0688
R8 =0x0000000000000009, R9 =0x00007fbd24012c68, R10=0x00000000293e4840, R11=0x000000000002e600
R12=0x000000000527c908, R13=0x0000000000000001, R14=0x00007fbd24076780, R15=0x00000000a03b0688
RIP=0x00007fbd2c85bc40, EFLAGS=0x0000000000010283, CSGSFS=0x002b000000000033, ERR=0x0000000000000004
  TRAPNO=0x000000000000000e

Top of Stack: (sp=0x00007fbd2a1e5c58)
0x00007fbd2a1e5c58:   00007fbd2c26f9ef 0000000000000015
0x00007fbd2a1e5c68:   00007fbd2470bfc0 00007fbd24010f00
0x00007fbd2a1e5c78:   0000000000000009 00000000e3f64070
0x00007fbd2a1e5c88:   0000000000001000 00007fbd2a1e5cb0
0x00007fbd2a1e5c98:   00007fbd24076780 00000000e3f6bfe4
0x00007fbd2a1e5ca8:   0000000000000000 00007fbd24076818
0x00007fbd2a1e5cb8:   00007fbd2c674dd0 00007fbd2a1e5d30
0x00007fbd2a1e5cc8:   00007fbd2c26f138 0000000000000000
0x00007fbd2a1e5cd8:   00007fbd240767e8 00007fbd2a1e5d00
0x00007fbd2a1e5ce8:   00007fbcc011c000 0000000000000201
0x00007fbd2a1e5cf8:   0000000000000101 00007fbd2c652cf0
0x00007fbd2a1e5d08:   00007fbd2a1e5d40 00007fbd24028cc0
0x00007fbd2a1e5d18:   00007fbd24076780 00007fbd24023000
0x00007fbd2a1e5d28:   00007fbd2c6938d8 00007fbd2a1e5da0
0x00007fbd2a1e5d38:   00007fbd2c272d8e 00007fbd2c652cf0
0x00007fbd2a1e5d48:   00007fbd24020a00 00007fbd24076780
0x00007fbd2a1e5d58:   00007fbd2c1c37bb 00007fbd2c64b000
0x00007fbd2a1e5d68:   00007fbd24028c00 00007fbd2a1e5d40
0x00007fbd2a1e5d78:   00007fbd2bf30801 0000000000000001
0x00007fbd2a1e5d88:   0000000000000001 00007fbd24028cc0
0x00007fbd2a1e5d98:   00007fbd2c3e9eae 00007fbd2a1e5eb0
0x00007fbd2a1e5da8:   00007fbd2bf32182 00000000000003d8
0x00007fbd2a1e5db8:   00007fbd24023788 00007fbd240233b0
0x00007fbd2a1e5dc8:   00007fbd2a1e5e40 00007fbd24023360
0x00007fbd2a1e5dd8:   00007fbd240233a0 00007fbd2a1e5df0
0x00007fbd2a1e5de8:   0000000000000000 0000000000000000
0x00007fbd2a1e5df8:   00007fbd24023f00 00007fbd24023000
0x00007fbd2a1e5e08:   00007fbd24023790 00007fbd240237d0
0x00007fbd2a1e5e18:   00007fbd240237e0 00007fbd240238b8
0x00007fbd2a1e5e28:   00000000000000d8 00007fbd240239f0
0x00007fbd2a1e5e38:   00007fbd24024360 00007fbd24023000
0x00007fbd2a1e5e48:   00007fbd24023790 00007fbd240237d0 

Instructions: (pc=0x00007fbd2c85bc40)
0x00007fbd2c85bc20:   54 17 e0 c5 fe 7f 5c 17 c0 c5 f8 77 c3 48 39 f7
0x00007fbd2c85bc30:   0f 87 ab 00 00 00 0f 84 e5 fe ff ff c5 fe 6f 26
0x00007fbd2c85bc40:   c5 fe 6f 6c 16 e0 c5 fe 6f 74 16 c0 c5 fe 6f 7c
0x00007fbd2c85bc50:   16 a0 c5 7e 6f 44 16 80 49 89 fb 48 8d 4c 17 e0 

Register to memory mapping:

RAX=
[error occurred during error reporting (printing register info), id 0xb]

Stack: [0x00007fbd2a0e7000,0x00007fbd2a1e7000],  sp=0x00007fbd2a1e5c58,  free space=1019k
Native frames: (J=compiled Java code, j=interpreted, Vv=VM code, C=native code)
C  [libc.so.6+0x18ec40]
V  [libjvm.so+0x8de138]  PSPromotionManager::drain_stacks_depth(bool)+0x6f8
V  [libjvm.so+0x8e1d8e]  ThreadRootsTask::do_it(GCTaskManager*, unsigned int)+0x8e
V  [libjvm.so+0x5a1182]  GCTaskThread::run()+0x162
V  [libjvm.so+0x86ef12]  java_start(Thread*)+0xf2


---------------  P R O C E S S  ---------------

Java Threads: ( => current thread )
  0x00007fbcc065a800 JavaThread "Cache worker for file hash cache (/home/madine/AndroidStudioProjects/Cutlery/.gradle/5.6.4/fileHashes)" [_thread_blocked, id=13341, stack(0x00007fbcb37fc000,0x00007fbcb38fd000)]
  0x00007fbcc011c000 JavaThread "Cache worker for journal cache (/home/madine/.gradle/caches/journal-1)" [_thread_blocked, id=13339, stack(0x00007fbcb3cfd000,0x00007fbcb3dfe000)]
  0x00007fbcc0147800 JavaThread "File lock request listener" [_thread_in_native, id=13338, stack(0x00007fbcb3dfe000,0x00007fbcb3eff000)]
  0x00007fbcc0145800 JavaThread "Cache worker for file hash cache (/home/madine/.gradle/caches/5.6.4/fileHashes)" [_thread_blocked, id=13337, stack(0x00007fbcb3eff000,0x00007fbcb4000000)]
  0x00007fbcc0014800 JavaThread "Thread-9" [_thread_blocked, id=13336, stack(0x00007fbcdc088000,0x00007fbcdc189000)]
  0x00007fbcc000a800 JavaThread "Stdin handler" [_thread_blocked, id=13335, stack(0x00007fbcdc389000,0x00007fbcdc48a000)]
  0x00007fbcc0009800 JavaThread "Asynchronous log dispatcher for DefaultDaemonConnection: socket connection from /127.0.0.1:42571 to /127.0.0.1:50472" [_thread_blocked, id=13334, stack(0x00007fbcdc48a000,0x00007fbcdc58b000)]
  0x00007fbcc400a800 JavaThread "Daemon worker" [_thread_blocked, id=13331, stack(0x00007fbcdc58b000,0x00007fbcdc68c000)]
  0x00007fbcc4008800 JavaThread "Cancel handler" [_thread_blocked, id=13330, stack(0x00007fbcdc68c000,0x00007fbcdc78d000)]
  0x00007fbcc4006000 JavaThread "Handler for socket connection from /127.0.0.1:42571 to /127.0.0.1:50472" [_thread_in_native, id=13329, stack(0x00007fbcdc78d000,0x00007fbcdc88e000)]
  0x00007fbccc02b800 JavaThread "Daemon" [_thread_blocked, id=13328, stack(0x00007fbcdc88e000,0x00007fbcdc98f000)]
  0x00007fbd252b0800 JavaThread "Daemon periodic checks" [_thread_blocked, id=13327, stack(0x00007fbcdc98f000,0x00007fbcdca90000)]
  0x00007fbd24280800 JavaThread "Incoming local TCP Connector on port 42571" [_thread_in_native, id=13326, stack(0x00007fbcdca97000,0x00007fbcdcb98000)]
  0x00007fbd24552800 JavaThread "Daemon health stats" [_thread_blocked, id=13325, stack(0x00007fbcdcd9c000,0x00007fbcdce9d000)]
  0x00007fbd240ca000 JavaThread "Service Thread" daemon [_thread_blocked, id=13322, stack(0x00007fbd0ceff000,0x00007fbd0d000000)]
  0x00007fbd240bf000 JavaThread "C1 CompilerThread2" daemon [_thread_blocked, id=13321, stack(0x00007fbd1402c000,0x00007fbd1412c000)]
  0x00007fbd240bd000 JavaThread "C2 CompilerThread1" daemon [_thread_blocked, id=13320, stack(0x00007fbd1412d000,0x00007fbd1422d000)]
  0x00007fbd240ba800 JavaThread "C2 CompilerThread0" daemon [_thread_blocked, id=13319, stack(0x00007fbd1422e000,0x00007fbd1432e000)]
  0x00007fbd240b9000 JavaThread "Signal Dispatcher" daemon [_thread_blocked, id=13318, stack(0x00007fbd1432e000,0x00007fbd1442f000)]
  0x00007fbd24085800 JavaThread "Finalizer" daemon [_thread_blocked, id=13317, stack(0x00007fbd14dfe000,0x00007fbd14eff000)]
  0x00007fbd24083000 JavaThread "Reference Handler" daemon [_thread_blocked, id=13316, stack(0x00007fbd14eff000,0x00007fbd15000000)]
  0x00007fbd2400b800 JavaThread "main" [_thread_blocked, id=13310, stack(0x00007fbd2cfd3000,0x00007fbd2d0d3000)]

Other Threads:
  0x00007fbd24079800 VMThread [stack: 0x00007fbd2805f000,0x00007fbd2815f000] [id=13315]
  0x00007fbd240cc800 WatcherThread [stack: 0x00007fbd0cdff000,0x00007fbd0ceff000] [id=13323]

=>0x00007fbd24023000 (exited) GCTaskThread [stack: 0x00007fbd2a0e7000,0x00007fbd2a1e7000] [id=13312]

VM state:at safepoint (normal execution)

VM Mutex/Monitor currently owned by a thread:  ([mutex/lock_event])
[0x00007fbd24007e60] Threads_lock - owner thread: 0x00007fbd24079800
[0x00007fbd24008360] Heap_lock - owner thread: 0x00007fbcc400a800

heap address: 0x00000000a0000000, size: 1536 MB, Compressed Oops mode: 32-bit
Narrow klass base: 0x0000000000000000, Narrow klass shift: 3
Compressed class space size: 1073741824 Address: 0x0000000100000000

Heap:
 PSYoungGen      total 67584K, used 60476K [0x00000000e0000000, 0x00000000e4700000, 0x0000000100000000)
  eden space 62464K, 88% used [0x00000000e0000000,0x00000000e36134b8,0x00000000e3d00000)
  from space 5120K, 99% used [0x00000000e4200000,0x00000000e46fbea8,0x00000000e4700000)
  to   space 5120K, 99% used [0x00000000e3d00000,0x00000000e41fc070,0x00000000e4200000)
 ParOldGen       total 759296K, used 681259K [0x00000000a0000000, 0x00000000ce580000, 0x00000000e0000000)
  object space 759296K, 89% used [0x00000000a0000000,0x00000000c994add8,0x00000000ce580000)
 Metaspace       used 20730K, capacity 21164K, committed 21296K, reserved 1067008K
  class space    used 2945K, capacity 3104K, committed 3120K, reserved 1048576K

Card table byte_map: [0x00007fbd2a4e8000,0x00007fbd2a7e9000] byte_map_base: 0x00007fbd29fe8000

Marking Bits: (ParMarkBitMap*) 0x00007fbd2c69e6e0
 Begin Bits: [0x00007fbd0d000000, 0x00007fbd0e800000)
 End Bits:   [0x00007fbd0e800000, 0x00007fbd10000000)

Polling page: 0x00007fbd2d0f7000

CodeCache: size=245760Kb used=5641Kb max_used=5641Kb free=240118Kb
 bounds [0x00007fbd15000000, 0x00007fbd15590000, 0x00007fbd24000000]
 total_blobs=2090 nmethods=1683 adapters=321
 compilation: enabled

Compilation events (10 events):
Event: 3,923 Thread 0x00007fbd240bf000 1683       3       java.util.concurrent.locks.AbstractQueuedSynchronizer::compareAndSetTail (13 bytes)
Event: 3,923 Thread 0x00007fbd240bf000 nmethod 1683 0x00007fbd15581010 code [0x00007fbd15581160, 0x00007fbd155812f0]
Event: 3,923 Thread 0x00007fbd240bf000 1684       3       java.util.concurrent.locks.AbstractQueuedSynchronizer$Node::predecessor (19 bytes)
Event: 3,923 Thread 0x00007fbd240bf000 nmethod 1684 0x00007fbd15581350 code [0x00007fbd155814c0, 0x00007fbd15581708]
Event: 3,944 Thread 0x00007fbd240bf000 1686   !   3       java.util.concurrent.LinkedBlockingQueue::poll (134 bytes)
Event: 3,947 Thread 0x00007fbd240bf000 nmethod 1686 0x00007fbd15581b50 code [0x00007fbd15581e80, 0x00007fbd155837d8]
Event: 3,954 Thread 0x00007fbd240bf000 1687       3       org.gradle.launcher.daemon.server.exec.DaemonConnectionBackedEventConsumer$ForwardEvents::moreMessagesToSend (35 bytes)
Event: 3,955 Thread 0x00007fbd240bf000 nmethod 1687 0x00007fbd15584990 code [0x00007fbd15584b00, 0x00007fbd15584e08]
Event: 3,955 Thread 0x00007fbd240bf000 1688   !   3       org.gradle.launcher.daemon.server.exec.DaemonConnectionBackedEventConsumer$ForwardEvents::getNextEvent (27 bytes)
Event: 3,955 Thread 0x00007fbd240bf000 nmethod 1688 0x00007fbd15584f10 code [0x00007fbd15585080, 0x00007fbd15585328]

GC Heap History (9 events):
Event: 0,634 GC heap before
{Heap before GC invocations=1 (full 0):
 PSYoungGen      total 36352K, used 31232K [0x00000000e0000000, 0x00000000e2880000, 0x0000000100000000)
  eden space 31232K, 100% used [0x00000000e0000000,0x00000000e1e80000,0x00000000e1e80000)
  from space 5120K, 0% used [0x00000000e2380000,0x00000000e2380000,0x00000000e2880000)
  to   space 5120K, 0% used [0x00000000e1e80000,0x00000000e1e80000,0x00000000e2380000)
 ParOldGen       total 83456K, used 0K [0x00000000a0000000, 0x00000000a5180000, 0x00000000e0000000)
  object space 83456K, 0% used [0x00000000a0000000,0x00000000a0000000,0x00000000a5180000)
 Metaspace       used 6909K, capacity 7196K, committed 7424K, reserved 1056768K
  class space    used 848K, capacity 912K, committed 1024K, reserved 1048576K
Event: 0,640 GC heap after
Heap after GC invocations=1 (full 0):
 PSYoungGen      total 36352K, used 4260K [0x00000000e0000000, 0x00000000e2880000, 0x0000000100000000)
  eden space 31232K, 0% used [0x00000000e0000000,0x00000000e0000000,0x00000000e1e80000)
  from space 5120K, 83% used [0x00000000e1e80000,0x00000000e22a9280,0x00000000e2380000)
  to   space 5120K, 0% used [0x00000000e2380000,0x00000000e2380000,0x00000000e2880000)
 ParOldGen       total 83456K, used 8K [0x00000000a0000000, 0x00000000a5180000, 0x00000000e0000000)
  object space 83456K, 0% used [0x00000000a0000000,0x00000000a0002000,0x00000000a5180000)
 Metaspace       used 6909K, capacity 7196K, committed 7424K, reserved 1056768K
  class space    used 848K, capacity 912K, committed 1024K, reserved 1048576K
}
Event: 0,936 GC heap before
{Heap before GC invocations=2 (full 0):
 PSYoungGen      total 36352K, used 35492K [0x00000000e0000000, 0x00000000e2880000, 0x0000000100000000)
  eden space 31232K, 100% used [0x00000000e0000000,0x00000000e1e80000,0x00000000e1e80000)
  from space 5120K, 83% used [0x00000000e1e80000,0x00000000e22a9280,0x00000000e2380000)
  to   space 5120K, 0% used [0x00000000e2380000,0x00000000e2380000,0x00000000e2880000)
 ParOldGen       total 83456K, used 8K [0x00000000a0000000, 0x00000000a5180000, 0x00000000e0000000)
  object space 83456K, 0% used [0x00000000a0000000,0x00000000a0002000,0x00000000a5180000)
 Metaspace       used 7742K, capacity 8086K, committed 8320K, reserved 1056768K
  class space    used 994K, capacity 1081K, committed 1152K, reserved 1048576K
Event: 0,947 GC heap after
Heap after GC invocations=2 (full 0):
 PSYoungGen      total 36352K, used 3981K [0x00000000e0000000, 0x00000000e4700000, 0x0000000100000000)
  eden space 31232K, 0% used [0x00000000e0000000,0x00000000e0000000,0x00000000e1e80000)
  from space 5120K, 77% used [0x00000000e2380000,0x00000000e27636d0,0x00000000e2880000)
  to   space 5120K, 0% used [0x00000000e1e80000,0x00000000e1e80000,0x00000000e2380000)
 ParOldGen       total 83456K, used 16K [0x00000000a0000000, 0x00000000a5180000, 0x00000000e0000000)
  object space 83456K, 0% used [0x00000000a0000000,0x00000000a0004000,0x00000000a5180000)
 Metaspace       used 7742K, capacity 8086K, committed 8320K, reserved 1056768K
  class space    used 994K, capacity 1081K, committed 1152K, reserved 1048576K
}
Event: 1,711 GC heap before
{Heap before GC invocations=3 (full 0):
 PSYoungGen      total 36352K, used 35213K [0x00000000e0000000, 0x00000000e4700000, 0x0000000100000000)
  eden space 31232K, 100% used [0x00000000e0000000,0x00000000e1e80000,0x00000000e1e80000)
  from space 5120K, 77% used [0x00000000e2380000,0x00000000e27636d0,0x00000000e2880000)
  to   space 5120K, 0% used [0x00000000e1e80000,0x00000000e1e80000,0x00000000e2380000)
 ParOldGen       total 83456K, used 16K [0x00000000a0000000, 0x00000000a5180000, 0x00000000e0000000)
  object space 83456K, 0% used [0x00000000a0000000,0x00000000a0004000,0x00000000a5180000)
 Metaspace       used 12229K, capacity 12616K, committed 12800K, reserved 1060864K
  class space    used 1669K, capacity 1764K, committed 1792K, reserved 1048576K
Event: 1,718 GC heap after
Heap after GC invocations=3 (full 0):
 PSYoungGen      total 36352K, used 5101K [0x00000000e0000000, 0x00000000e4700000, 0x0000000100000000)
  eden space 31232K, 0% used [0x00000000e0000000,0x00000000e0000000,0x00000000e1e80000)
  from space 5120K, 99% used [0x00000000e1e80000,0x00000000e237b430,0x00000000e2380000)
  to   space 5120K, 0% used [0x00000000e4200000,0x00000000e4200000,0x00000000e4700000)
 ParOldGen       total 83456K, used 1332K [0x00000000a0000000, 0x00000000a5180000, 0x00000000e0000000)
  object space 83456K, 1% used [0x00000000a0000000,0x00000000a014d2e8,0x00000000a5180000)
 Metaspace       used 12229K, capacity 12616K, committed 12800K, reserved 1060864K
  class space    used 1669K, capacity 1764K, committed 1792K, reserved 1048576K
}
Event: 2,578 GC heap before
{Heap before GC invocations=4 (full 0):
 PSYoungGen      total 36352K, used 36327K [0x00000000e0000000, 0x00000000e4700000, 0x0000000100000000)
  eden space 31232K, 99% used [0x00000000e0000000,0x00000000e1e7e7e0,0x00000000e1e80000)
  from space 5120K, 99% used [0x00000000e1e80000,0x00000000e237b430,0x00000000e2380000)
  to   space 5120K, 0% used [0x00000000e4200000,0x00000000e4200000,0x00000000e4700000)
 ParOldGen       total 83456K, used 1332K [0x00000000a0000000, 0x00000000a5180000, 0x00000000e0000000)
  object space 83456K, 1% used [0x00000000a0000000,0x00000000a014d2e8,0x00000000a5180000)
 Metaspace       used 14777K, capacity 15264K, committed 15616K, reserved 1062912K
  class space    used 2091K, capacity 2226K, committed 2304K, reserved 1048576K
Event: 2,595 GC heap after
Heap after GC invocations=4 (full 0):
 PSYoungGen      total 67584K, used 5103K [0x00000000e0000000, 0x00000000e4700000, 0x0000000100000000)
  eden space 62464K, 0% used [0x00000000e0000000,0x00000000e0000000,0x00000000e3d00000)
  from space 5120K, 99% used [0x00000000e4200000,0x00000000e46fbea8,0x00000000e4700000)
  to   space 5120K, 0% used [0x00000000e3d00000,0x00000000e3d00000,0x00000000e4200000)
 ParOldGen       total 83456K, used 3777K [0x00000000a0000000, 0x00000000a5180000, 0x00000000e0000000)
  object space 83456K, 4% used [0x00000000a0000000,0x00000000a03b0688,0x00000000a5180000)
 Metaspace       used 14777K, capacity 15264K, committed 15616K, reserved 1062912K
  class space    used 2091K, capacity 2226K, committed 2304K, reserved 1048576K
}
Event: 3,959 GC heap before
{Heap before GC invocations=5 (full 0):
 PSYoungGen      total 67584K, used 60476K [0x00000000e0000000, 0x00000000e4700000, 0x0000000100000000)
  eden space 62464K, 88% used [0x00000000e0000000,0x00000000e36134b8,0x00000000e3d00000)
  from space 5120K, 99% used [0x00000000e4200000,0x00000000e46fbea8,0x00000000e4700000)
  to   space 5120K, 0% used [0x00000000e3d00000,0x00000000e3d00000,0x00000000e4200000)
 ParOldGen       total 83456K, used 3777K [0x00000000a0000000, 0x00000000a5180000, 0x00000000e0000000)
  object space 83456K, 4% used [0x00000000a0000000,0x00000000a03b0688,0x00000000a5180000)
 Metaspace       used 20730K, capacity 21164K, committed 21296K, reserved 1067008K
  class space    used 2945K, capacity 3104K, committed 3120K, reserved 1048576K

Deoptimization events (10 events):
Event: 1,325 Thread 0x00007fbcc400a800 Uncommon trap: reason=bimorphic action=maybe_recompile pc=0x00007fbd1522f48c method=java.util.HashMap.putVal(ILjava/lang/Object;Ljava/lang/Object;ZZ)Ljava/lang/Object; @ 203
Event: 1,325 Thread 0x00007fbcc400a800 Uncommon trap: reason=bimorphic action=maybe_recompile pc=0x00007fbd1522f48c method=java.util.HashMap.putVal(ILjava/lang/Object;Ljava/lang/Object;ZZ)Ljava/lang/Object; @ 203
Event: 1,325 Thread 0x00007fbcc400a800 Uncommon trap: reason=bimorphic action=maybe_recompile pc=0x00007fbd1522f48c method=java.util.HashMap.putVal(ILjava/lang/Object;Ljava/lang/Object;ZZ)Ljava/lang/Object; @ 203
Event: 1,882 Thread 0x00007fbcc400a800 Uncommon trap: reason=class_check action=maybe_recompile pc=0x00007fbd152a00a8 method=java.util.regex.Matcher.match(II)Z @ 86
Event: 1,904 Thread 0x00007fbcc400a800 Uncommon trap: reason=class_check action=maybe_recompile pc=0x00007fbd152a00a8 method=java.util.regex.Matcher.match(II)Z @ 86
Event: 1,904 Thread 0x00007fbcc400a800 Uncommon trap: reason=class_check action=maybe_recompile pc=0x00007fbd152a00a8 method=java.util.regex.Matcher.match(II)Z @ 86
Event: 1,905 Thread 0x00007fbcc400a800 Uncommon trap: reason=class_check action=maybe_recompile pc=0x00007fbd15176c1c method=java.util.regex.Matcher.match(II)Z @ 86
Event: 2,732 Thread 0x00007fbcc400a800 Uncommon trap: reason=unstable_if action=reinterpret pc=0x00007fbd1543c254 method=java.lang.String.lastIndexOf([CII[CIII)I @ 66
Event: 2,930 Thread 0x00007fbcc400a800 Uncommon trap: reason=unstable_if action=reinterpret pc=0x00007fbd154060e4 method=java.util.HashMap.putVal(ILjava/lang/Object;Ljava/lang/Object;ZZ)Ljava/lang/Object; @ 236
Event: 3,387 Thread 0x00007fbcc400a800 Uncommon trap: reason=unstable_if action=reinterpret pc=0x00007fbd15298de8 method=java.io.File.getName()Ljava/lang/String; @ 16

Classes redefined (0 events):
No events

Internal exceptions (10 events):
Event: 1,277 Thread 0x00007fbcc4006000 Exception <a 'java/lang/NoSuchMethodError': <clinit>> (0x00000000e0efc5d8) thrown at [/buildbot/src/googleplex-android/openjdk/out/hotspot/src/share/vm/prims/jni.cpp, line 1614]
Event: 1,278 Thread 0x00007fbcc4006000 Exception <a 'java/lang/NoSuchMethodError': <clinit>> (0x00000000e0f063b8) thrown at [/buildbot/src/googleplex-android/openjdk/out/hotspot/src/share/vm/prims/jni.cpp, line 1614]
Event: 1,281 Thread 0x00007fbcc4006000 Exception <a 'java/lang/NoSuchMethodError': <clinit>> (0x00000000e0f1ad80) thrown at [/buildbot/src/googleplex-android/openjdk/out/hotspot/src/share/vm/prims/jni.cpp, line 1614]
Event: 1,290 Thread 0x00007fbcc4006000 Exception <a 'java/lang/NoSuchMethodError': <clinit>> (0x00000000e0f764e0) thrown at [/buildbot/src/googleplex-android/openjdk/out/hotspot/src/share/vm/prims/jni.cpp, line 1614]
Event: 1,295 Thread 0x00007fbcc4006000 Exception <a 'java/lang/NoSuchMethodError': <clinit>> (0x00000000e0fae018) thrown at [/buildbot/src/googleplex-android/openjdk/out/hotspot/src/share/vm/prims/jni.cpp, line 1614]
Event: 1,301 Thread 0x00007fbcc4006000 Exception <a 'java/lang/NoSuchMethodError': <clinit>> (0x00000000e0fe4178) thrown at [/buildbot/src/googleplex-android/openjdk/out/hotspot/src/share/vm/prims/jni.cpp, line 1614]
Event: 1,302 Thread 0x00007fbcc4006000 Exception <a 'java/lang/NoSuchMethodError': <clinit>> (0x00000000e0ff0128) thrown at [/buildbot/src/googleplex-android/openjdk/out/hotspot/src/share/vm/prims/jni.cpp, line 1614]
Event: 2,686 Thread 0x00007fbcc400a800 Exception <a 'java/lang/NoSuchMethodError': java.lang.Object.lambda$and$0(Ljava/util/function/Predicate;Ljava/lang/Object;)Z> (0x00000000e00a3cc8) thrown at [/buildbot/src/googleplex-android/openjdk/out/hotspot/src/share/vm/interpreter/linkResolver.cpp, l
Event: 2,694 Thread 0x00007fbcc400a800 Exception <a 'java/lang/IncompatibleClassChangeError': Found class java.lang.Object, but interface was expected> (0x00000000e00b9fb0) thrown at [/buildbot/src/googleplex-android/openjdk/out/hotspot/src/share/vm/interpreter/linkResolver.cpp, line 653]
Event: 2,696 Thread 0x00007fbcc400a800 Exception <a 'java/lang/NoSuchMethodError': java.lang.Object.lambda$or$2(Ljava/util/function/Predicate;Ljava/lang/Object;)Z> (0x00000000e00beec0) thrown at [/buildbot/src/googleplex-android/openjdk/out/hotspot/src/share/vm/interpreter/linkResolver.cpp, li

Events (10 events):
Event: 3,953 loading class org/codehaus/groovy/runtime/EncodingGroovyMethods done
Event: 3,954 loading class org/codehaus/groovy/runtime/IOGroovyMethods
Event: 3,954 loading class org/codehaus/groovy/runtime/IOGroovyMethods done
Event: 3,955 loading class org/codehaus/groovy/runtime/ProcessGroovyMethods
Event: 3,955 loading class org/codehaus/groovy/runtime/ProcessGroovyMethods done
Event: 3,956 loading class org/codehaus/groovy/runtime/ResourceGroovyMethods
Event: 3,956 loading class org/codehaus/groovy/runtime/ResourceGroovyMethods done
Event: 3,958 loading class org/codehaus/groovy/runtime/SocketGroovyMethods
Event: 3,958 loading class org/codehaus/groovy/runtime/SocketGroovyMethods done
Event: 3,959 Executing VM operation: CollectForMetadataAllocation


Dynamic libraries:
00400000-00401000 r-xp 00000000 07:11 660                                /snap/android-studio/88/android-studio/jre/bin/java
00401000-00402000 r--p 00000000 07:11 660                                /snap/android-studio/88/android-studio/jre/bin/java
00402000-00403000 rw-p 00001000 07:11 660                                /snap/android-studio/88/android-studio/jre/bin/java
01872000-01893000 rw-p 00000000 00:00 0                                  [heap]
a0000000-e0000000 rw-p 00000000 00:00 0 
e0000000-e4700000 rw-p 00000000 00:00 0 
e4700000-100000000 ---p 00000000 00:00 0 
100000000-10030c000 rw-p 00000000 00:00 0 
10030c000-140000000 ---p 00000000 00:00 0 
7fbc98000000-7fbc98021000 rw-p 00000000 00:00 0 
7fbc98021000-7fbc9c000000 ---p 00000000 00:00 0 
7fbca0000000-7fbca0021000 rw-p 00000000 00:00 0 
7fbca0021000-7fbca4000000 ---p 00000000 00:00 0 
7fbca4000000-7fbca4021000 rw-p 00000000 00:00 0 
7fbca4021000-7fbca8000000 ---p 00000000 00:00 0 
7fbca8000000-7fbca8021000 rw-p 00000000 00:00 0 
7fbca8021000-7fbcac000000 ---p 00000000 00:00 0 
7fbcac000000-7fbcac021000 rw-p 00000000 00:00 0 
7fbcac021000-7fbcb0000000 ---p 00000000 00:00 0 
7fbcb35fc000-7fbcb37bc000 rw-p 00000000 00:00 0 
7fbcb37bc000-7fbcb37fc000 ---p 00000000 00:00 0 
7fbcb37fc000-7fbcb37ff000 ---p 00000000 00:00 0 
7fbcb37ff000-7fbcb3afd000 rw-p 00000000 00:00 0 
7fbcb3afd000-7fbcb3cfd000 rw-p 00000000 00:00 0 
7fbcb3cfd000-7fbcb3d00000 ---p 00000000 00:00 0 
7fbcb3d00000-7fbcb3dfe000 rw-p 00000000 00:00 0 
7fbcb3dfe000-7fbcb3e01000 ---p 00000000 00:00 0 
7fbcb3e01000-7fbcb3eff000 rw-p 00000000 00:00 0 
7fbcb3eff000-7fbcb3f02000 ---p 00000000 00:00 0 
7fbcb3f02000-7fbcb4000000 rw-p 00000000 00:00 0 
7fbcb4000000-7fbcb43ef000 rw-p 00000000 00:00 0 
7fbcb43ef000-7fbcb8000000 ---p 00000000 00:00 0 
7fbcb8000000-7fbcb8021000 rw-p 00000000 00:00 0 
7fbcb8021000-7fbcbc000000 ---p 00000000 00:00 0 
7fbcbc000000-7fbcbc021000 rw-p 00000000 00:00 0 
7fbcbc021000-7fbcc0000000 ---p 00000000 00:00 0 
7fbcc0000000-7fbcc087e000 rw-p 00000000 00:00 0 
7fbcc087e000-7fbcc4000000 ---p 00000000 00:00 0 
7fbcc4000000-7fbcc4021000 rw-p 00000000 00:00 0 
7fbcc4021000-7fbcc8000000 ---p 00000000 00:00 0 
7fbcc8000000-7fbcc8021000 rw-p 00000000 00:00 0 
7fbcc8021000-7fbccc000000 ---p 00000000 00:00 0 
7fbccc000000-7fbccc068000 rw-p 00000000 00:00 0 
7fbccc068000-7fbcd0000000 ---p 00000000 00:00 0 
7fbcd0000000-7fbcd0021000 rw-p 00000000 00:00 0 
7fbcd0021000-7fbcd4000000 ---p 00000000 00:00 0 
7fbcd4000000-7fbcd4021000 rw-p 00000000 00:00 0 
7fbcd4021000-7fbcd8000000 ---p 00000000 00:00 0 
7fbcd8000000-7fbcd8021000 rw-p 00000000 00:00 0 
7fbcd8021000-7fbcdc000000 ---p 00000000 00:00 0 
7fbcdc00e000-7fbcdc088000 r--s 01104000 07:11 872                        /snap/android-studio/88/android-studio/jre/lib/tools.jar
7fbcdc088000-7fbcdc08b000 ---p 00000000 00:00 0 
7fbcdc08b000-7fbcdc389000 rw-p 00000000 00:00 0 
7fbcdc389000-7fbcdc38c000 ---p 00000000 00:00 0 
7fbcdc38c000-7fbcdc48a000 rw-p 00000000 00:00 0 
7fbcdc48a000-7fbcdc48d000 ---p 00000000 00:00 0 
7fbcdc48d000-7fbcdc58b000 rw-p 00000000 00:00 0 
7fbcdc58b000-7fbcdc58e000 ---p 00000000 00:00 0 
7fbcdc58e000-7fbcdc68c000 rw-p 00000000 00:00 0 
7fbcdc68c000-7fbcdc68f000 ---p 00000000 00:00 0 
7fbcdc68f000-7fbcdc78d000 rw-p 00000000 00:00 0 
7fbcdc78d000-7fbcdc790000 ---p 00000000 00:00 0 
7fbcdc790000-7fbcdc88e000 rw-p 00000000 00:00 0 
7fbcdc88e000-7fbcdc891000 ---p 00000000 00:00 0 
7fbcdc891000-7fbcdc98f000 rw-p 00000000 00:00 0 
7fbcdc98f000-7fbcdc992000 ---p 00000000 00:00 0 
7fbcdc992000-7fbcdca90000 rw-p 00000000 00:00 0 
7fbcdca90000-7fbcdca97000 r--s 00000000 08:06 14421118                   /usr/lib/x86_64-linux-gnu/gconv/gconv-modules.cache
7fbcdca97000-7fbcdca9a000 ---p 00000000 00:00 0 
7fbcdca9a000-7fbcdcb98000 rw-p 00000000 00:00 0 
7fbcdcb98000-7fbcdcb9c000 r--s 000a1000 07:11 831                        /snap/android-studio/88/android-studio/jre/jre/lib/jsse.jar
7fbcdcb9c000-7fbcdcd9c000 rw-p 00000000 00:00 0 
7fbcdcd9c000-7fbcdcd9f000 ---p 00000000 00:00 0 
7fbcdcd9f000-7fbcdce9d000 rw-p 00000000 00:00 0 
7fbcdce9d000-7fbcdcea5000 r-xp 00000000 07:11 751                        /snap/android-studio/88/android-studio/jre/jre/lib/amd64/libmanagement.so
7fbcdcea5000-7fbcdcea6000 r--p 00007000 07:11 751                        /snap/android-studio/88/android-studio/jre/jre/lib/amd64/libmanagement.so
7fbcdcea6000-7fbcdcea7000 rw-p 00008000 07:11 751                        /snap/android-studio/88/android-studio/jre/jre/lib/amd64/libmanagement.so
7fbcdcea7000-7fbcdcea9000 r--s 0000f000 08:06 21235797                   /home/madine/.gradle/wrapper/dists/gradle-5.6.4-all/ankdp27end7byghfw1q2sw75f/gradle-5.6.4/lib/plugins/gradle-tooling-api-builders-5.6.4.jar
7fbcdcea9000-7fbcdceaa000 r--s 00005000 08:06 21235817                   /home/madine/.gradle/wrapper/dists/gradle-5.6.4-all/ankdp27end7byghfw1q2sw75f/gradle-5.6.4/lib/plugins/gradle-build-profile-5.6.4.jar
7fbcdceaa000-7fbcdceac000 r--s 00003000 08:06 21235774                   /home/madine/.gradle/wrapper/dists/gradle-5.6.4-all/ankdp27end7byghfw1q2sw75f/gradle-5.6.4/lib/plugins/gradle-tooling-native-5.6.4.jar
7fbcdceac000-7fbcdceb0000 r--s 00017000 08:06 21235776                   /home/madine/.gradle/wrapper/dists/gradle-5.6.4-all/ankdp27end7byghfw1q2sw75f/gradle-5.6.4/lib/plugins/gradle-testing-native-5.6.4.jar
7fbcdceb0000-7fbcdceb3000 r--s 00011000 08:06 21235890                   /home/madine/.gradle/wrapper/dists/gradle-5.6.4-all/ankdp27end7byghfw1q2sw75f/gradle-5.6.4/lib/plugins/junit-platform-commons-1.3.1.jar
7fbcdceb3000-7fbcdceb4000 r--s 00001000 08:06 21235892                   /home/madine/.gradle/wrapper/dists/gradle-5.6.4-all/ankdp27end7byghfw1q2sw75f/gradle-5.6.4/lib/plugins/opentest4j-1.1.1.jar
7fbcdceb4000-7fbcdceb8000 r--s 0001d000 08:06 21235889                   /home/madine/.gradle/wrapper/dists/gradle-5.6.4-all/ankdp27end7byghfw1q2sw75f/gradle-5.6.4/lib/plugins/junit-platform-engine-1.3.1.jar
7fbcdceb8000-7fbcdceb9000 r--s 00000000 08:06 21235891                   /home/madine/.gradle/wrapper/dists/gradle-5.6.4-all/ankdp27end7byghfw1q2sw75f/gradle-5.6.4/lib/plugins/apiguardian-api-1.0.0.jar
7fbcdceb9000-7fbcdcebc000 r--s 00015000 08:06 21235853                   /home/madine/.gradle/wrapper/dists/gradle-5.6.4-all/ankdp27end7byghfw1q2sw75f/gradle-5.6.4/lib/plugins/junit-platform-launcher-1.3.1.jar
7fbcdcebc000-7fbcdcebd000 r--s 00003000 08:06 21235796                   /home/madine/.gradle/wrapper/dists/gradle-5.6.4-all/ankdp27end7byghfw1q2sw75f/gradle-5.6.4/lib/plugins/gradle-testing-junit-platform-5.6.4.jar
7fbcdcebd000-7fbcdcec5000 r--s 00048000 08:06 21235842                   /home/madine/.gradle/wrapper/dists/gradle-5.6.4-all/ankdp27end7byghfw1q2sw75f/gradle-5.6.4/lib/plugins/bcpg-jdk15on-1.61.jar
7fbcdcec5000-7fbcdcec8000 r--s 0000f000 08:06 21235773                   /home/madine/.gradle/wrapper/dists/gradle-5.6.4-all/ankdp27end7byghfw1q2sw75f/gradle-5.6.4/lib/plugins/gradle-signing-5.6.4.jar
7fbcdcec8000-7fbcdceca000 r--s 00009000 08:06 21235783                   /home/madine/.gradle/wrapper/dists/gradle-5.6.4-all/ankdp27end7byghfw1q2sw75f/gradle-5.6.4/lib/plugins/gradle-scala-5.6.4.jar
7fbcdceca000-7fbcdcecb000 r--s 00004000 08:06 21235816                   /home/madine/.gradle/wrapper/dists/gradle-5.6.4-all/ankdp27end7byghfw1q2sw75f/gradle-5.6.4/lib/plugins/gradle-resources-sftp-5.6.4.jar
7fbcdcecb000-7fbcdced4000 r--s 0005b000 08:06 21235823                   /home/madine/.gradle/wrapper/dists/gradle-5.6.4-all/ankdp27end7byghfw1q2sw75f/gradle-5.6.4/lib/plugins/aws-java-sdk-kms-1.11.407.jar
7fbcdced4000-7fbcdced6000 r--s 00005000 08:06 21235859                   /home/madine/.gradle/wrapper/dists/gradle-5.6.4-all/ankdp27end7byghfw1q2sw75f/gradle-5.6.4/lib/plugins/jmespath-java-1.11.407.jar
7fbcdced6000-7fbcdcee9000 r--s 000ca000 08:06 21235822                   /home/madine/.gradle/wrapper/dists/gradle-5.6.4-all/ankdp27end7byghfw1q2sw75f/gradle-5.6.4/lib/plugins/aws-java-sdk-s3-1.11.407.jar
7fbcdcee9000-7fbcdcef3000 r--s 00081000 08:06 21235888                   /home/madine/.gradle/wrapper/dists/gradle-5.6.4-all/ankdp27end7byghfw1q2sw75f/gradle-5.6.4/lib/plugins/ion-java-1.0.2.jar
7fbcdcef3000-7fbcdcf09000 r--s 000ca000 08:06 21235824                   /home/madine/.gradle/wrapper/dists/gradle-5.6.4-all/ankdp27end7byghfw1q2sw75f/gradle-5.6.4/lib/plugins/aws-java-sdk-core-1.11.407.jar
7fbcdcf09000-7fbcdcf0b000 r--s 00004000 08:06 21235812                   /home/madine/.gradle/wrapper/dists/gradle-5.6.4-all/ankdp27end7byghfw1q2sw75f/gradle-5.6.4/lib/plugins/gradle-resources-s3-5.6.4.jar
7fbcdcf0b000-7fbcdcf1c000 r--s 0008c000 08:06 21235863                   /home/madine/.gradle/wrapper/dists/gradle-5.6.4-all/ankdp27end7byghfw1q2sw75f/gradle-5.6.4/lib/plugins/joda-time-2.10.jar
7fbcdcf1c000-7fbcdcf2e000 r--s 00137000 08:06 21235860                   /home/madine/.gradle/wrapper/dists/gradle-5.6.4-all/ankdp27end7byghfw1q2sw75f/gradle-5.6.4/lib/plugins/jackson-databind-2.9.8.jar
7fbcdcf2e000-7fbcdcf31000 r--s 0000e000 08:06 21235862                   /home/madine/.gradle/wrapper/dists/gradle-5.6.4-all/ankdp27end7byghfw1q2sw75f/gradle-5.6.4/lib/plugins/jackson-annotations-2.9.8.jar
7fbcdcf31000-7fbcdcf35000 r--s 0004c000 08:06 21235861                   /home/madine/.gradle/wrapper/dists/gradle-5.6.4-all/ankdp27end7byghfw1q2sw75f/gradle-5.6.4/lib/plugins/jackson-core-2.9.8.jar
7fbcdcf35000-7fbcdcf36000 r--s 00001000 08:06 21235828                   /home/madine/.gradle/wrapper/dists/gradle-5.6.4-all/ankdp27end7byghfw1q2sw75f/gradle-5.6.4/lib/plugins/google-http-client-jackson2-1.25.0.jar
7fbcdcf36000-7fbcdcf40000 r--s 00056000 08:06 21235829                   /home/madine/.gradle/wrapper/dists/gradle-5.6.4-all/ankdp27end7byghfw1q2sw75f/gradle-5.6.4/lib/plugins/google-http-client-1.25.0.jar
7fbcdcf40000-7fbcdcf43000 r--s 0000d000 08:06 21235827                   /home/madine/.gradle/wrapper/dists/gradle-5.6.4-all/ankdp27end7byghfw1q2sw75f/gradle-5.6.4/lib/plugins/google-oauth-client-1.25.0.jar
7fbcdcf43000-7fbcdcf48000 r--s 0002d000 08:06 21235826                   /home/madine/.gradle/wrapper/dists/gradle-5.6.4-all/ankdp27end7byghfw1q2sw75f/gradle-5.6.4/lib/plugins/google-api-client-1.25.0.jar
7fbcdcf48000-7fbcdcf4c000 r--s 0001d000 08:06 21235825                   /home/madine/.gradle/wrapper/dists/gradle-5.6.4-all/ankdp27end7byghfw1q2sw75f/gradle-5.6.4/lib/plugins/google-api-services-storage-v1-rev136-1.25.0.jar
7fbcdcf4c000-7fbcdcf4e000 r--s 00003000 08:06 21235813                   /home/madine/.gradle/wrapper/dists/gradle-5.6.4-all/ankdp27end7byghfw1q2sw75f/gradle-5.6.4/lib/plugins/gradle-resources-gcs-5.6.4.jar
7fbcdcf4e000-7fbcdcf54000 r--s 00031000 08:06 21235786                   /home/madine/.gradle/wrapper/dists/gradle-5.6.4-all/ankdp27end7byghfw1q2sw75f/gradle-5.6.4/lib/plugins/gradle-platform-play-5.6.4.jar
7fbcdcf54000-7fbcdcf66000 r--s 00078000 08:06 21235802                   /home/madine/.gradle/wrapper/dists/gradle-5.6.4-all/ankdp27end7byghfw1q2sw75f/gradle-5.6.4/lib/plugins/gradle-platform-native-5.6.4.jar
7fbcdcf66000-7fbcdcf93000 r--s 0025e000 08:06 21235833                   /home/madine/.gradle/wrapper/dists/gradle-5.6.4-all/ankdp27end7byghfw1q2sw75f/gradle-5.6.4/lib/plugins/biz.aQute.bndlib-4.0.0.jar
7fbcdcf93000-7fbcdcf94000 r--s 00004000 08:06 21235772                   /home/madine/.gradle/wrapper/dists/gradle-5.6.4-all/ankdp27end7byghfw1q2sw75f/gradle-5.6.4/lib/plugins/gradle-osgi-5.6.4.jar
7fbcdcf94000-7fbcdcf97000 r--s 0000c000 08:06 21235795                   /home/madine/.gradle/wrapper/dists/gradle-5.6.4-all/ankdp27end7byghfw1q2sw75f/gradle-5.6.4/lib/plugins/gradle-language-scala-5.6.4.jar
7fbcdcf97000-7fbcdcfa3000 r--s 00054000 08:06 21235777                   /home/madine/.gradle/wrapper/dists/gradle-5.6.4-all/ankdp27end7byghfw1q2sw75f/gradle-5.6.4/lib/plugins/gradle-language-native-5.6.4.jar
7fbcdcfa3000-7fbcdcfaa000 r--s 00035000 08:06 21235845                   /home/madine/.gradle/wrapper/dists/gradle-5.6.4-all/ankdp27end7byghfw1q2sw75f/gradle-5.6.4/lib/plugins/simple-4.1.21.jar
7fbcdcfaa000-7fbcdcfb7000 r--s 00125000 08:06 21235843                   /home/madine/.gradle/wrapper/dists/gradle-5.6.4-all/ankdp27end7byghfw1q2sw75f/gradle-5.6.4/lib/plugins/rhino-1.7.10.jar
7fbcdcfb7000-7fbcdcfbb000 r--s 00012000 08:06 21235787                   /home/madine/.gradle/wrapper/dists/gradle-5.6.4-all/ankdp27end7byghfw1q2sw75f/gradle-5.6.4/lib/plugins/gradle-javascript-5.6.4.jar
7fbcdcfbb000-7fbcdcfbf000 r--s 00011000 08:06 21235789                   /home/madine/.gradle/wrapper/dists/gradle-5.6.4-all/ankdp27end7byghfw1q2sw75f/gradle-5.6.4/lib/plugins/gradle-jacoco-5.6.4.jar
7fbcdcfbf000-7fbcdcfc1000 r--s 00002000 08:06 21235781                   /home/madine/.gradle/wrapper/dists/gradle-5.6.4-all/ankdp27end7byghfw1q2sw75f/gradle-5.6.4/lib/plugins/gradle-ide-play-5.6.4.jar
7fbcdcfc1000-7fbcdcfc3000 r--s 00011000 08:06 21235850                   /home/madine/.gradle/wrapper/dists/gradle-5.6.4-all/ankdp27end7byghfw1q2sw75f/gradle-5.6.4/lib/plugins/dd-plist-1.21.jar
7fbcdcfc3000-7fbcdcfca000 r--s 00034000 08:06 21235775                   /home/madine/.gradle/wrapper/dists/gradle-5.6.4-all/ankdp27end7byghfw1q2sw75f/gradle-5.6.4/lib/plugins/gradle-ide-native-5.6.4.jar
7fbcdcfca000-7fbcdcfd4000 r--s 00063000 08:06 21235782                   /home/madine/.gradle/wrapper/dists/gradle-5.6.4-all/ankdp27end7byghfw1q2sw75f/gradle-5.6.4/lib/plugins/gradle-ide-5.6.4.jar
7fbcdcfd4000-7fbcdcfd6000 r--s 00008000 08:06 21235785                   /home/madine/.gradle/wrapper/dists/gradle-5.6.4-all/ankdp27end7byghfw1q2sw75f/gradle-5.6.4/lib/plugins/gradle-ear-5.6.4.jar
7fbcdcfd6000-7fbcdcfdb000 r--s 0002a000 08:06 21235771                   /home/madine/.gradle/wrapper/dists/gradle-5.6.4-all/ankdp27end7byghfw1q2sw75f/gradle-5.6.4/lib/plugins/gradle-code-quality-5.6.4.jar
7fbcdcfdb000-7fbcdcfdd000 r--s 0000b000 08:06 21235847                   /home/madine/.gradle/wrapper/dists/gradle-5.6.4-all/ankdp27end7byghfw1q2sw75f/gradle-5.6.4/lib/plugins/maven-plugin-api-3.0.4.jar
7fbcdcfdd000-7fbcdcfe3000 r--s 0003f000 08:06 21235835                   /home/madine/.gradle/wrapper/dists/gradle-5.6.4-all/ankdp27end7byghfw1q2sw75f/gradle-5.6.4/lib/plugins/maven-compat-3.0.4.jar
7fbcdcfe3000-7fbcdcfec000 r--s 0003b000 08:06 21235790                   /home/madine/.gradle/wrapper/dists/gradle-5.6.4-all/ankdp27end7byghfw1q2sw75f/gradle-5.6.4/lib/plugins/gradle-build-init-5.6.4.jar
7fbcdcfec000-7fbcdcff2000 r--s 0002e000 08:06 21235784                   /home/madine/.gradle/wrapper/dists/gradle-5.6.4-all/ankdp27end7byghfw1q2sw75f/gradle-5.6.4/lib/plugins/gradle-build-comparison-5.6.4.jar
7fbcdcff2000-7fbcdcff4000 r--s 00002000 08:06 21235814                   /home/madine/.gradle/wrapper/dists/gradle-5.6.4-all/ankdp27end7byghfw1q2sw75f/gradle-5.6.4/lib/plugins/gradle-build-cache-http-5.6.4.jar
7fbcdcff4000-7fbcdcff6000 r--s 00009000 08:06 21235770                   /home/madine/.gradle/wrapper/dists/gradle-5.6.4-all/ankdp27end7byghfw1q2sw75f/gradle-5.6.4/lib/plugins/gradle-antlr-5.6.4.jar
7fbcdcff6000-7fbcdcff8000 r--s 00005000 08:06 21235769                   /home/madine/.gradle/wrapper/dists/gradle-5.6.4-all/ankdp27end7byghfw1q2sw75f/gradle-5.6.4/lib/plugins/gradle-announce-5.6.4.jar
7fbcdcff8000-7fbcdcffb000 r--s 00017000 08:06 21235791                   /home/madine/.gradle/wrapper/dists/gradle-5.6.4-all/ankdp27end7byghfw1q2sw75f/gradle-5.6.4/lib/plugins/gradle-kotlin-dsl-tooling-builders-5.6.4.jar
7fbcdcffb000-7fbcdcfff000 r--s 00014000 08:06 21235788                   /home/madine/.gradle/wrapper/dists/gradle-5.6.4-all/ankdp27end7byghfw1q2sw75f/gradle-5.6.4/lib/plugins/gradle-ivy-5.6.4.jar
7fbcdcfff000-7fbce0000000 rw-p 00000000 00:00 0 
7fbce0000000-7fbce0511000 rw-p 00000000 00:00 0 
7fbce0511000-7fbce4000000 ---p 00000000 00:00 0 
7fbce4000000-7fbce4021000 rw-p 00000000 00:00 0 
7fbce4021000-7fbce8000000 ---p 00000000 00:00 0 
7fbce8000000-7fbce9ca7000 rw-p 00000000 00:00 0 
7fbce9ca7000-7fbcec000000 ---p 00000000 00:00 0 
7fbcec000000-7fbced454000 rw-p 00000000 00:00 0 
7fbced454000-7fbcf0000000 ---p 00000000 00:00 0 
7fbcf0000000-7fbcf0021000 rw-p 00000000 00:00 0 
7fbcf0021000-7fbcf4000000 ---p 00000000 00:00 0 
7fbcf4000000-7fbcf4021000 rw-p 00000000 00:00 0 
7fbcf4021000-7fbcf8000000 ---p 00000000 00:00 0 
7fbcf8000000-7fbcf8021000 rw-p 00000000 00:00 0 
7fbcf8021000-7fbcfc000000 ---p 00000000 00:00 0 
7fbcfc000000-7fbcfc021000 rw-p 00000000 00:00 0 
7fbcfc021000-7fbd00000000 ---p 00000000 00:00 0 
7fbd00000000-7fbd00021000 rw-p 00000000 00:00 0 
7fbd00021000-7fbd04000000 ---p 00000000 00:00 0 
7fbd04000000-7fbd04038000 rw-p 00000000 00:00 0 
7fbd04038000-7fbd08000000 ---p 00000000 00:00 0 
7fbd08000000-7fbd082df000 rw-p 00000000 00:00 0 
7fbd082df000-7fbd0c000000 ---p 00000000 00:00 0 
7fbd0c000000-7fbd0c002000 r--s 00009000 08:06 21235804                   /home/madine/.gradle/wrapper/dists/gradle-5.6.4-all/ankdp27end7byghfw1q2sw75f/gradle-5.6.4/lib/plugins/gradle-publish-5.6.4.jar
7fbd0c002000-7fbd0c005000 r--s 0000c000 08:06 21235838                   /home/madine/.gradle/wrapper/dists/gradle-5.6.4-all/ankdp27end7byghfw1q2sw75f/gradle-5.6.4/lib/plugins/pmaven-groovy-0.8-20100325.jar
7fbd0c005000-7fbd0c006000 r--s 00004000 08:06 21235837                   /home/madine/.gradle/wrapper/dists/gradle-5.6.4-all/ankdp27end7byghfw1q2sw75f/gradle-5.6.4/lib/plugins/pmaven-common-0.8-20100325.jar
7fbd0c006000-7fbd0c009000 r--s 0000a000 08:06 21235882                   /home/madine/.gradle/wrapper/dists/gradle-5.6.4-all/ankdp27end7byghfw1q2sw75f/gradle-5.6.4/lib/plugins/plexus-classworlds-2.5.1.jar
7fbd0c009000-7fbd0c00d000 r--s 00021000 08:06 21235887                   /home/madine/.gradle/wrapper/dists/gradle-5.6.4-all/ankdp27end7byghfw1q2sw75f/gradle-5.6.4/lib/plugins/xbean-reflect-3.7.jar
7fbd0c00d000-7fbd0c014000 r--s 00032000 08:06 21235840                   /home/madine/.gradle/wrapper/dists/gradle-5.6.4-all/ankdp27end7byghfw1q2sw75f/gradle-5.6.4/lib/plugins/plexus-container-default-1.7.1.jar
7fbd0c014000-7fbd0c015000 r--s 00008000 08:06 21235821                   /home/madine/.gradle/wrapper/dists/gradle-5.6.4-all/ankdp27end7byghfw1q2sw75f/gradle-5.6.4/lib/plugins/wagon-http-shared-3.0.0.jar
7fbd0c015000-7fbd0c016000 r--s 00002000 08:06 21235820                   /home/madine/.gradle/wrapper/dists/gradle-5.6.4-all/ankdp27end7byghfw1q2sw75f/gradle-5.6.4/lib/plugins/wagon-http-3.0.0.jar
7fbd0c016000-7fbd0c018000 r--s 0000c000 08:06 21235885                   /home/madine/.gradle/wrapper/dists/gradle-5.6.4-all/ankdp27end7byghfw1q2sw75f/gradle-5.6.4/lib/plugins/wagon-provider-api-3.0.0.jar
7fbd0c018000-7fbd0c019000 r--s 00002000 08:06 21235839                   /home/madine/.gradle/wrapper/dists/gradle-5.6.4-all/ankdp27end7byghfw1q2sw75f/gradle-5.6.4/lib/plugins/wagon-file-3.0.0.jar
7fbd0c019000-7fbd0c01b000 r--s 00006000 08:06 21235841                   /home/madine/.gradle/wrapper/dists/gradle-5.6.4-all/ankdp27end7byghfw1q2sw75f/gradle-5.6.4/lib/plugins/aether-connector-wagon-1.13.1.jar
7fbd0c01b000-7fbd0c022000 r--s 00031000 08:06 21235780                   /home/madine/.gradle/wrapper/dists/gradle-5.6.4-all/ankdp27end7byghfw1q2sw75f/gradle-5.6.4/lib/plugins/gradle-maven-5.6.4.jar
7fbd0c022000-7fbd0c024000 r--s 0000c000 08:06 21235779                   /home/madine/.gradle/wrapper/dists/gradle-5.6.4-all/ankdp27end7byghfw1q2sw75f/gradle-5.6.4/lib/plugins/gradle-plugin-development-5.6.4.jar
7fbd0c024000-7fbd0c02a000 r--s 0003d000 08:06 21235849                   /home/madine/.gradle/wrapper/dists/gradle-5.6.4-all/ankdp27end7byghfw1q2sw75f/gradle-5.6.4/lib/plugins/snakeyaml-1.17.jar
7fbd0c02a000-7fbd0c02c000 r--s 0000f000 08:06 21235872                   /home/madine/.gradle/wrapper/dists/gradle-5.6.4-all/ankdp27end7byghfw1q2sw75f/gradle-5.6.4/lib/plugins/jcommander-1.72.jar
7fbd0c02c000-7fbd0c035000 r--s 00089000 08:06 21235848                   /home/madine/.gradle/wrapper/dists/gradle-5.6.4-all/ankdp27end7byghfw1q2sw75f/gradle-5.6.4/lib/plugins/testng-6.3.1.jar
7fbd0c035000-7fbd0c037000 r--s 00009000 08:06 21235870                   /home/madine/.gradle/wrapper/dists/gradle-5.6.4-all/ankdp27end7byghfw1q2sw75f/gradle-5.6.4/lib/plugins/hamcrest-core-1.3.jar
7fbd0c037000-7fbd0c03f000 r--s 00045000 08:06 21235851                   /home/madine/.gradle/wrapper/dists/gradle-5.6.4-all/ankdp27end7byghfw1q2sw75f/gradle-5.6.4/lib/plugins/junit-4.12.jar
7fbd0c03f000-7fbd0c044000 r--s 0005a000 08:06 21235852                   /home/madine/.gradle/wrapper/dists/gradle-5.6.4-all/ankdp27end7byghfw1q2sw75f/gradle-5.6.4/lib/plugins/bsh-2.0b6.jar
7fbd0c044000-7fbd0c048000 r--s 0001c000 08:06 21235798                   /home/madine/.gradle/wrapper/dists/gradle-5.6.4-all/ankdp27end7byghfw1q2sw75f/gradle-5.6.4/lib/plugins/gradle-testing-jvm-5.6.4.jar
7fbd0c048000-7fbd0c050000 r--s 00034000 08:06 21235805                   /home/madine/.gradle/wrapper/dists/gradle-5.6.4-all/ankdp27end7byghfw1q2sw75f/gradle-5.6.4/lib/plugins/gradle-testing-base-5.6.4.jar
7fbd0c050000-7fbd0c053000 r--s 0000e000 08:06 21235794                   /home/madine/.gradle/wrapper/dists/gradle-5.6.4-all/ankdp27end7byghfw1q2sw75f/gradle-5.6.4/lib/plugins/gradle-language-groovy-5.6.4.jar
7fbd0c053000-7fbd0c05c000 r--s 00045000 08:06 21235799                   /home/madine/.gradle/wrapper/dists/gradle-5.6.4-all/ankdp27end7byghfw1q2sw75f/gradle-5.6.4/lib/plugins/gradle-language-java-5.6.4.jar
7fbd0c05c000-7fbd0c05e000 r--s 00005000 08:06 21235800                   /home/madine/.gradle/wrapper/dists/gradle-5.6.4-all/ankdp27end7byghfw1q2sw75f/gradle-5.6.4/lib/plugins/gradle-language-jvm-5.6.4.jar
7fbd0c05e000-7fbd0c064000 r--s 0003e000 08:06 21235803                   /home/madine/.gradle/wrapper/dists/gradle-5.6.4-all/ankdp27end7byghfw1q2sw75f/gradle-5.6.4/lib/plugins/gradle-diagnostics-5.6.4.jar
7fbd0c064000-7fbd0c068000 r--s 0001b000 08:06 21235801                   /home/madine/.gradle/wrapper/dists/gradle-5.6.4-all/ankdp27end7byghfw1q2sw75f/gradle-5.6.4/lib/plugins/gradle-platform-jvm-5.6.4.jar
7fbd0c068000-7fbd0c06f000 r--s 0002a000 08:06 21235806                   /home/madine/.gradle/wrapper/dists/gradle-5.6.4-all/ankdp27end7byghfw1q2sw75f/gradle-5.6.4/lib/plugins/gradle-platform-base-5.6.4.jar
7fbd0c06f000-7fbd0c071000 r--s 00006000 08:06 21235846                   /home/madine/.gradle/wrapper/dists/gradle-5.6.4-all/ankdp27end7byghfw1q2sw75f/gradle-5.6.4/lib/plugins/jatl-0.2.3.jar
7fbd0c071000-7fbd0c073000 r--s 00010000 08:06 21235811                   /home/madine/.gradle/wrapper/dists/gradle-5.6.4-all/ankdp27end7byghfw1q2sw75f/gradle-5.6.4/lib/plugins/gradle-reporting-5.6.4.jar
7fbd0c073000-7fbd0c07b000 r--s 00047000 08:06 21235792                   /home/madine/.gradle/wrapper/dists/gradle-5.6.4-all/ankdp27end7byghfw1q2sw75f/gradle-5.6.4/lib/plugins/gradle-plugins-5.6.4.jar
7fbd0c07b000-7fbd0c080000 r--s 0002c000 08:06 21235778                   /home/madine/.gradle/wrapper/dists/gradle-5.6.4-all/ankdp27end7byghfw1q2sw75f/gradle-5.6.4/lib/plugins/gradle-kotlin-dsl-provider-plugins-5.6.4.jar
7fbd0c080000-7fbd0c081000 r--s 00000000 08:06 21235680                   /home/madine/.gradle/wrapper/dists/gradle-5.6.4-all/ankdp27end7byghfw1q2sw75f/gradle-5.6.4/lib/gradle-runtime-api-info-5.6.4.jar
7fbd0c081000-7fbd0c083000 r--s 0000d000 08:06 21235807                   /home/madine/.gradle/wrapper/dists/gradle-5.6.4-all/ankdp27end7byghfw1q2sw75f/gradle-5.6.4/lib/plugins/gradle-plugin-use-5.6.4.jar
7fbd0c083000-7fbd0c084000 r--s 00000000 08:06 21235684                   /home/madine/.gradle/wrapper/dists/gradle-5.6.4-all/ankdp27end7byghfw1q2sw75f/gradle-5.6.4/lib/gradle-installation-beacon-5.6.4.jar
7fbd0c084000-7fbd0c089000 r--s 00040000 08:06 21235857                   /home/madine/.gradle/wrapper/dists/gradle-5.6.4-all/ankdp27end7byghfw1q2sw75f/gradle-5.6.4/lib/plugins/jsch-0.1.54.jar
7fbd0c089000-7fbd0c08b000 r--s 00010000 08:06 21235873                   /home/madine/.gradle/wrapper/dists/gradle-5.6.4-all/ankdp27end7byghfw1q2sw75f/gradle-5.6.4/lib/plugins/jzlib-1.1.3.jar
7fbd0c08b000-7fbd0c0b0000 r--s 00265000 08:06 21235819                   /home/madine/.gradle/wrapper/dists/gradle-5.6.4-all/ankdp27end7byghfw1q2sw75f/gradle-5.6.4/lib/plugins/org.eclipse.jgit-5.0.3.201809091024-r.jar
7fbd0c0b0000-7fbd0c0b3000 r--s 0000c000 08:06 21235808                   /home/madine/.gradle/wrapper/dists/gradle-5.6.4-all/ankdp27end7byghfw1q2sw75f/gradle-5.6.4/lib/plugins/gradle-version-control-5.6.4.jar
7fbd0c0b3000-7fbd0c0cc000 r--s 0013a000 08:06 21235856                   /home/madine/.gradle/wrapper/dists/gradle-5.6.4-all/ankdp27end7byghfw1q2sw75f/gradle-5.6.4/lib/plugins/xercesImpl-2.12.0.jar
7fbd0c0cc000-7fbd0c0ce000 r--s 0001d000 08:06 21235855                   /home/madine/.gradle/wrapper/dists/gradle-5.6.4-all/ankdp27end7byghfw1q2sw75f/gradle-5.6.4/lib/plugins/nekohtml-1.9.22.jar
7fbd0c0ce000-7fbd0c0d4000 r--s 0005b000 08:06 21235854                   /home/madine/.gradle/wrapper/dists/gradle-5.6.4-all/ankdp27end7byghfw1q2sw75f/gradle-5.6.4/lib/plugins/jcifs-1.3.17.jar
7fbd0c0d4000-7fbd0c0d7000 r--s 0000e000 08:06 21235815                   /home/madine/.gradle/wrapper/dists/gradle-5.6.4-all/ankdp27end7byghfw1q2sw75f/gradle-5.6.4/lib/plugins/gradle-resources-http-5.6.4.jar
7fbd0c0d7000-7fbd0c0da000 r--s 0000d000 08:06 21235810                   /home/madine/.gradle/wrapper/dists/gradle-5.6.4-all/ankdp27end7byghfw1q2sw75f/gradle-5.6.4/lib/plugins/gradle-composite-builds-5.6.4.jar
7fbd0c0da000-7fbd0c0dc000 r--s 00006000 08:06 21235877                   /home/madine/.gradle/wrapper/dists/gradle-5.6.4-all/ankdp27end7byghfw1q2sw75f/gradle-5.6.4/lib/plugins/maven-repository-metadata-3.0.4.jar
7fbd0c0dc000-7fbd0c0de000 r--s 0000c000 08:06 21235865                   /home/madine/.gradle/wrapper/dists/gradle-5.6.4-all/ankdp27end7byghfw1q2sw75f/gradle-5.6.4/lib/plugins/maven-aether-provider-3.0.4.jar
7fbd0c0de000-7fbd0c0df000 r--s 00003000 08:06 21235868                   /home/madine/.gradle/wrapper/dists/gradle-5.6.4-all/ankdp27end7byghfw1q2sw75f/gradle-5.6.4/lib/plugins/aether-spi-1.13.1.jar
7fbd0c0df000-7fbd0c0e2000 r--s 0001d000 08:06 21235866                   /home/madine/.gradle/wrapper/dists/gradle-5.6.4-all/ankdp27end7byghfw1q2sw75f/gradle-5.6.4/lib/plugins/aether-impl-1.13.1.jar
7fbd0c0e2000-7fbd0c0e6000 r--s 0001c000 08:06 21235867                   /home/madine/.gradle/wrapper/dists/gradle-5.6.4-all/ankdp27end7byghfw1q2sw75f/gradle-5.6.4/lib/plugins/aether-util-1.13.1.jar
7fbd0c0e6000-7fbd0c0e9000 r--s 00013000 08:06 21235869                   /home/madine/.gradle/wrapper/dists/gradle-5.6.4-all/ankdp27end7byghfw1q2sw75f/gradle-5.6.4/lib/plugins/aether-api-1.13.1.jar
7fbd0c0e9000-7fbd0c0eb000 r--s 0000b000 08:06 21235874                   /home/madine/.gradle/wrapper/dists/gradle-5.6.4-all/ankdp27end7byghfw1q2sw75f/gradle-5.6.4/lib/plugins/maven-artifact-3.0.4.jar
7fbd0c0eb000-7fbd0c0ed000 r--s 00000000 08:06 21235883                   /home/madine/.gradle/wrapper/dists/gradle-5.6.4-all/ankdp27end7byghfw1q2sw75f/gradle-5.6.4/lib/plugins/plexus-component-annotations-1.5.5.jar
7fbd0c0ed000-7fbd0c0ef000 r--s 0000d000 08:06 21235884                   /home/madine/.gradle/wrapper/dists/gradle-5.6.4-all/ankdp27end7byghfw1q2sw75f/gradle-5.6.4/lib/plugins/plexus-interpolation-1.14.jar
7fbd0c0ef000-7fbd0c0f3000 r--s 00021000 08:06 21235875                   /home/madine/.gradle/wrapper/dists/gradle-5.6.4-all/ankdp27end7byghfw1q2sw75f/gradle-5.6.4/lib/plugins/maven-model-builder-3.0.4.jar
7fbd0c0f3000-7fbd0c0f5000 r--s 00026000 08:06 21235876                   /home/madine/.gradle/wrapper/dists/gradle-5.6.4-all/ankdp27end7byghfw1q2sw75f/gradle-5.6.4/lib/plugins/maven-model-3.0.4.jar
7fbd0c0f5000-7fbd0c0f7000 r--s 0000a000 08:06 21235879                   /home/madine/.gradle/wrapper/dists/gradle-5.6.4-all/ankdp27end7byghfw1q2sw75f/gradle-5.6.4/lib/plugins/maven-settings-3.0.4.jar
7fbd0c0f7000-7fbd0c0f9000 r--s 00002000 08:06 21235881                   /home/madine/.gradle/wrapper/dists/gradle-5.6.4-all/ankdp27end7byghfw1q2sw75f/gradle-5.6.4/lib/plugins/plexus-cipher-1.7.jar
7fbd0c0f9000-7fbd0c0fd000 r--s 0003c000 08:06 21235886                   /home/madine/.gradle/wrapper/dists/gradle-5.6.4-all/ankdp27end7byghfw1q2sw75f/gradle-5.6.4/lib/plugins/plexus-utils-3.1.0.jar
7fbd0c0fd000-7fbd0c100000 r--s 00008000 08:06 21235878                   /home/madine/.gradle/wrapper/dists/gradle-5.6.4-all/ankdp27end7byghfw1q2sw75f/gradle-5.6.4/lib/plugins/maven-settings-builder-3.0.4.jar
7fbd0c100000-7fbd0c10c000 r--s 0007d000 08:06 21235836                   /home/madine/.gradle/wrapper/dists/gradle-5.6.4-all/ankdp27end7byghfw1q2sw75f/gradle-5.6.4/lib/plugins/maven-core-3.0.4.jar
7fbd0c10c000-7fbd0c121000 r--s 00116000 08:06 21235834                   /home/madine/.gradle/wrapper/dists/gradle-5.6.4-all/ankdp27end7byghfw1q2sw75f/gradle-5.6.4/lib/plugins/ivy-2.3.0.jar
7fbd0c121000-7fbd0c128000 r--s 0004b000 08:06 21235831                   /home/madine/.gradle/wrapper/dists/gradle-5.6.4-all/ankdp27end7byghfw1q2sw75f/gradle-5.6.4/lib/plugins/commons-codec-1.11.jar
7fbd0c128000-7fbd0c12f000 r--s 00049000 08:06 21235871                   /home/madine/.gradle/wrapper/dists/gradle-5.6.4-all/ankdp27end7byghfw1q2sw75f/gradle-5.6.4/lib/plugins/httpcore-4.4.10.jar
7fbd0c12f000-7fbd0c18e000 r--s 003f7000 08:06 21235864                   /home/madine/.gradle/wrapper/dists/gradle-5.6.4-all/ankdp27end7byghfw1q2sw75f/gradle-5.6.4/lib/plugins/bcprov-jdk15on-1.61.jar
7fbd0c18e000-7fbd0c1c4000 r--s 001d8000 08:06 21235809                   /home/madine/.gradle/wrapper/dists/gradle-5.6.4-all/ankdp27end7byghfw1q2sw75f/gradle-5.6.4/lib/plugins/gradle-dependency-management-5.6.4.jar
7fbd0c1c4000-7fbd0c1db000 r-xp 00000000 08:06 12328721                   /lib/x86_64-linux-gnu/libgcc_s.so.1
7fbd0c1db000-7fbd0c3da000 ---p 00017000 08:06 12328721                   /lib/x86_64-linux-gnu/libgcc_s.so.1
7fbd0c3da000-7fbd0c3db000 r--p 00016000 08:06 12328721                   /lib/x86_64-linux-gnu/libgcc_s.so.1
7fbd0c3db000-7fbd0c3dc000 rw-p 00017000 08:06 12328721                   /lib/x86_64-linux-gnu/libgcc_s.so.1
7fbd0c3dc000-7fbd0c555000 r-xp 00000000 08:06 14156578                   /usr/lib/x86_64-linux-gnu/libstdc++.so.6.0.25
7fbd0c555000-7fbd0c755000 ---p 00179000 08:06 14156578                   /usr/lib/x86_64-linux-gnu/libstdc++.so.6.0.25
7fbd0c755000-7fbd0c75f000 r--p 00179000 08:06 14156578                   /usr/lib/x86_64-linux-gnu/libstdc++.so.6.0.25
7fbd0c75f000-7fbd0c761000 rw-p 00183000 08:06 14156578                   /usr/lib/x86_64-linux-gnu/libstdc++.so.6.0.25
7fbd0c761000-7fbd0c765000 rw-p 00000000 00:00 0 
7fbd0c765000-7fbd0c766000 r--s 00006000 08:06 21235880                   /home/madine/.gradle/wrapper/dists/gradle-5.6.4-all/ankdp27end7byghfw1q2sw75f/gradle-5.6.4/lib/plugins/plexus-sec-dispatcher-1.3.jar
7fbd0c766000-7fbd0c76b000 r--s 00036000 08:06 21235844                   /home/madine/.gradle/wrapper/dists/gradle-5.6.4-all/ankdp27end7byghfw1q2sw75f/gradle-5.6.4/lib/plugins/gson-2.8.5.jar
7fbd0c76b000-7fbd0c778000 r--s 000af000 08:06 21235830                   /home/madine/.gradle/wrapper/dists/gradle-5.6.4-all/ankdp27end7byghfw1q2sw75f/gradle-5.6.4/lib/plugins/httpclient-4.5.6.jar
7fbd0c778000-7fbd0c779000 r--s 00013000 08:06 21235832                   /home/madine/.gradle/wrapper/dists/gradle-5.6.4-all/ankdp27end7byghfw1q2sw75f/gradle-5.6.4/lib/plugins/asm-util-7.1.jar
7fbd0c779000-7fbd0c77e000 r--s 0001d000 08:06 21235818                   /home/madine/.gradle/wrapper/dists/gradle-5.6.4-all/ankdp27end7byghfw1q2sw75f/gradle-5.6.4/lib/plugins/gradle-workers-5.6.4.jar
7fbd0c77e000-7fbd0c784000 r-xp 00000000 08:06 19664347                   /home/madine/.gradle/native/30/linux-amd64/libnative-platform.so
7fbd0c784000-7fbd0c983000 ---p 00006000 08:06 19664347                   /home/madine/.gradle/native/30/linux-amd64/libnative-platform.so
7fbd0c983000-7fbd0c984000 rw-p 00005000 08:06 19664347                   /home/madine/.gradle/native/30/linux-amd64/libnative-platform.so
7fbd0c984000-7fbd0c994000 r-xp 00000000 07:11 754                        /snap/android-studio/88/android-studio/jre/jre/lib/amd64/libnio.so
7fbd0c994000-7fbd0c995000 ---p 00010000 07:11 754                        /snap/android-studio/88/android-studio/jre/jre/lib/amd64/libnio.so
7fbd0c995000-7fbd0c996000 r--p 00010000 07:11 754                        /snap/android-studio/88/android-studio/jre/jre/lib/amd64/libnio.so
7fbd0c996000-7fbd0c997000 rw-p 00011000 07:11 754                        /snap/android-studio/88/android-studio/jre/jre/lib/amd64/libnio.so
7fbd0c997000-7fbd0c9ae000 r-xp 00000000 07:11 753                        /snap/android-studio/88/android-studio/jre/jre/lib/amd64/libnet.so
7fbd0c9ae000-7fbd0c9af000 r--p 00016000 07:11 753                        /snap/android-studio/88/android-studio/jre/jre/lib/amd64/libnet.so
7fbd0c9af000-7fbd0c9b0000 rw-p 00017000 07:11 753                        /snap/android-studio/88/android-studio/jre/jre/lib/amd64/libnet.so
7fbd0c9b0000-7fbd0c9ba000 r--s 00116000 07:11 782                        /snap/android-studio/88/android-studio/jre/jre/lib/ext/localedata.jar
7fbd0c9ba000-7fbd0c9d5000 r--s 00394000 07:11 779                        /snap/android-studio/88/android-studio/jre/jre/lib/ext/cldrdata.jar
7fbd0c9d5000-7fbd0c9e0000 r--s 00081000 08:06 21235740                   /home/madine/.gradle/wrapper/dists/gradle-5.6.4-all/ankdp27end7byghfw1q2sw75f/gradle-5.6.4/lib/trove4j-1.0.20181211.jar
7fbd0c9e0000-7fbd0c9e2000 r--s 00009000 08:06 21235748                   /home/madine/.gradle/wrapper/dists/gradle-5.6.4-all/ankdp27end7byghfw1q2sw75f/gradle-5.6.4/lib/kotlin-script-runtime-1.3.41.jar
7fbd0c9e2000-7fbd0cc09000 r--s 0204c000 08:06 21235710                   /home/madine/.gradle/wrapper/dists/gradle-5.6.4-all/ankdp27end7byghfw1q2sw75f/gradle-5.6.4/lib/kotlin-compiler-embeddable-1.3.41-patched-for-gradle-5.6.4.jar
7fbd0cc09000-7fbd0cc0a000 r--s 00001000 08:06 21235709                   /home/madine/.gradle/wrapper/dists/gradle-5.6.4-all/ankdp27end7byghfw1q2sw75f/gradle-5.6.4/lib/gradle-kotlin-dsl-tooling-models-5.6.4.jar
7fbd0cc0a000-7fbd0cc0c000 r--s 00006000 08:06 21235683                   /home/madine/.gradle/wrapper/dists/gradle-5.6.4-all/ankdp27end7byghfw1q2sw75f/gradle-5.6.4/lib/gradle-wrapper-5.6.4.jar
7fbd0cc0c000-7fbd0cc1b000 r--s 0004d000 08:06 21235682                   /home/madine/.gradle/wrapper/dists/gradle-5.6.4-all/ankdp27end7byghfw1q2sw75f/gradle-5.6.4/lib/gradle-tooling-api-5.6.4.jar
7fbd0cc1b000-7fbd0cc2b000 r--s 0026b000 08:06 21235732                   /home/madine/.gradle/wrapper/dists/gradle-5.6.4-all/ankdp27end7byghfw1q2sw75f/gradle-5.6.4/lib/kotlinx-metadata-jvm-0.1.0.jar
7fbd0cc2b000-7fbd0cc2c000 r--s 00002000 08:06 21235731                   /home/madine/.gradle/wrapper/dists/gradle-5.6.4-all/ankdp27end7byghfw1q2sw75f/gradle-5.6.4/lib/kotlin-sam-with-receiver-compiler-plugin-1.3.41.jar
7fbd0cc2c000-7fbd0cc33000 r--s 00047000 08:06 21235730                   /home/madine/.gradle/wrapper/dists/gradle-5.6.4-all/ankdp27end7byghfw1q2sw75f/gradle-5.6.4/lib/kotlin-scripting-compiler-impl-embeddable-1.3.41.jar
7fbd0cc33000-7fbd0cc34000 r--s 00009000 08:06 21235729                   /home/madine/.gradle/wrapper/dists/gradle-5.6.4-all/ankdp27end7byghfw1q2sw75f/gradle-5.6.4/lib/kotlin-scripting-compiler-embeddable-1.3.41.jar
7fbd0cc34000-7fbd0cc4f000 r--s 0015f000 08:06 21235681                   /home/madine/.gradle/wrapper/dists/gradle-5.6.4-all/ankdp27end7byghfw1q2sw75f/gradle-5.6.4/lib/gradle-kotlin-dsl-5.6.4.jar
7fbd0cc4f000-7fbd0cc51000 r--s 00005000 08:06 21235696                   /home/madine/.gradle/wrapper/dists/gradle-5.6.4-all/ankdp27end7byghfw1q2sw75f/gradle-5.6.4/lib/gradle-worker-processes-5.6.4.jar
7fbd0cc51000-7fbd0cc57000 r--s 00028000 08:06 21235690                   /home/madine/.gradle/wrapper/dists/gradle-5.6.4-all/ankdp27end7byghfw1q2sw75f/gradle-5.6.4/lib/gradle-execution-5.6.4.jar
7fbd0cc57000-7fbd0cc59000 r--s 00007000 08:06 21235689                   /home/madine/.gradle/wrapper/dists/gradle-5.6.4-all/ankdp27end7byghfw1q2sw75f/gradle-5.6.4/lib/gradle-model-groovy-5.6.4.jar
7fbd0cc59000-7fbd0cc5b000 r--s 00000000 08:06 21235698                   /home/madine/.gradle/wrapper/dists/gradle-5.6.4-all/ankdp27end7byghfw1q2sw75f/gradle-5.6.4/lib/gradle-jvm-services-5.6.4.jar
7fbd0cc5b000-7fbd0cc5d000 r--s 00006000 08:06 21235692                   /home/madine/.gradle/wrapper/dists/gradle-5.6.4-all/ankdp27end7byghfw1q2sw75f/gradle-5.6.4/lib/gradle-build-cache-packaging-5.6.4.jar
7fbd0cc5d000-7fbd0cc61000 r--s 0000e000 08:06 21235693                   /home/madine/.gradle/wrapper/dists/gradle-5.6.4-all/ankdp27end7byghfw1q2sw75f/gradle-5.6.4/lib/gradle-build-cache-5.6.4.jar
7fbd0cc61000-7fbd0cc62000 r--s 00005000 08:06 21235713                   /home/madine/.gradle/wrapper/dists/gradle-5.6.4-all/ankdp27end7byghfw1q2sw75f/gradle-5.6.4/lib/gradle-docs-5.6.4.jar
7fbd0cc62000-7fbd0cc9a000 r--s 00273000 08:06 21235742                   /home/madine/.gradle/wrapper/dists/gradle-5.6.4-all/ankdp27end7byghfw1q2sw75f/gradle-5.6.4/lib/kotlin-reflect-1.3.41.jar
7fbd0cc9a000-7fbd0cc9b000 r--s 00000000 08:06 21235743                   /home/madine/.gradle/wrapper/dists/gradle-5.6.4-all/ankdp27end7byghfw1q2sw75f/gradle-5.6.4/lib/kotlin-stdlib-jdk7-1.3.41.jar
7fbd0cc9b000-7fbd0cc9d000 r--s 00002000 08:06 21235727                   /home/madine/.gradle/wrapper/dists/gradle-5.6.4-all/ankdp27end7byghfw1q2sw75f/gradle-5.6.4/lib/kotlin-stdlib-jdk8-1.3.41.jar
7fbd0cc9d000-7fbd0cca6000 r--s 000b3000 08:06 21235686                   /home/madine/.gradle/wrapper/dists/gradle-5.6.4-all/ankdp27end7byghfw1q2sw75f/gradle-5.6.4/lib/gradle-instant-execution-5.6.4.jar
7fbd0cca6000-7fbd0ccaf000 r--s 0002d000 08:06 21235741                   /home/madine/.gradle/wrapper/dists/gradle-5.6.4-all/ankdp27end7byghfw1q2sw75f/gradle-5.6.4/lib/xml-apis-1.4.01.jar
7fbd0ccaf000-7fbd0ccba000 r--s 00086000 08:06 21235733                   /home/madine/.gradle/wrapper/dists/gradle-5.6.4-all/ankdp27end7byghfw1q2sw75f/gradle-5.6.4/lib/commons-compress-1.18.jar
7fbd0ccba000-7fbd0ccbc000 r--s 00007000 08:06 21235723                   /home/madine/.gradle/wrapper/dists/gradle-5.6.4-all/ankdp27end7byghfw1q2sw75f/gradle-5.6.4/lib/asm-analysis-7.1.jar
7fbd0ccbc000-7fbd0ccbe000 r--s 0000b000 08:06 21235724                   /home/madine/.gradle/wrapper/dists/gradle-5.6.4-all/ankdp27end7byghfw1q2sw75f/gradle-5.6.4/lib/asm-tree-7.1.jar
7fbd0ccbe000-7fbd0ccc0000 r--s 00010000 08:06 21235722                   /home/madine/.gradle/wrapper/dists/gradle-5.6.4-all/ankdp27end7byghfw1q2sw75f/gradle-5.6.4/lib/asm-commons-7.1.jar
7fbd0ccc0000-7fbd0ccc4000 r--s 00010000 08:06 21235707                   /home/madine/.gradle/wrapper/dists/gradle-5.6.4-all/ankdp27end7byghfw1q2sw75f/gradle-5.6.4/lib/gradle-snapshots-5.6.4.jar
7fbd0ccc4000-7fbd0cccb000 r--s 00021000 08:06 21235750                   /home/madine/.gradle/wrapper/dists/gradle-5.6.4-all/ankdp27end7byghfw1q2sw75f/gradle-5.6.4/lib/kotlin-stdlib-common-1.3.41.jar
7fbd0cccb000-7fbd0cccd000 r--s 00003000 08:06 21235745                   /home/madine/.gradle/wrapper/dists/gradle-5.6.4-all/ankdp27end7byghfw1q2sw75f/gradle-5.6.4/lib/annotations-13.0.jar
7fbd0cccd000-7fbd0cce1000 r--s 00128000 08:06 21235744                   /home/madine/.gradle/wrapper/dists/gradle-5.6.4-all/ankdp27end7byghfw1q2sw75f/gradle-5.6.4/lib/kotlin-stdlib-1.3.41.jar
7fbd0cce1000-7fbd0ccf8000 r--s 000d6000 08:06 21235691                   /home/madine/.gradle/wrapper/dists/gradle-5.6.4-all/ankdp27end7byghfw1q2sw75f/gradle-5.6.4/lib/gradle-model-core-5.6.4.jar
7fbd0ccf8000-7fbd0ccfd000 r--s 00015000 08:06 21235700                   /home/madine/.gradle/wrapper/dists/gradle-5.6.4-all/ankdp27end7byghfw1q2sw75f/gradle-5.6.4/lib/gradle-resources-5.6.4.jar
7fbd0ccfd000-7fbd0cd04000 r--s 00036000 08:06 21235695                   /home/madine/.gradle/wrapper/dists/gradle-5.6.4-all/ankdp27end7byghfw1q2sw75f/gradle-5.6.4/lib/gradle-persistent-cache-5.6.4.jar
7fbd0cd04000-7fbd0cd06000 r--s 00006000 08:06 21235703                   /home/madine/.gradle/wrapper/dists/gradle-5.6.4-all/ankdp27end7byghfw1q2sw75f/gradle-5.6.4/lib/gradle-base-services-groovy-5.6.4.jar
7fbd0cd06000-7fbd0cd07000 r--s 00000000 08:06 21235728                   /home/madine/.gradle/wrapper/dists/gradle-5.6.4-all/ankdp27end7byghfw1q2sw75f/gradle-5.6.4/lib/javax.inject-1.jar
7fbd0cd07000-7fbd0cd0c000 r--s 0001f000 08:06 21235688                   /home/madine/.gradle/wrapper/dists/gradle-5.6.4-all/ankdp27end7byghfw1q2sw75f/gradle-5.6.4/lib/gradle-file-collections-5.6.4.jar
7fbd0cd0c000-7fbd0cd0e000 r--s 00006000 08:06 21235699                   /home/madine/.gradle/wrapper/dists/gradle-5.6.4-all/ankdp27end7byghfw1q2sw75f/gradle-5.6.4/lib/gradle-process-services-5.6.4.jar
7fbd0cd0e000-7fbd0cd10000 r--s 00004000 08:06 21235716                   /home/madine/.gradle/wrapper/dists/gradle-5.6.4-all/ankdp27end7byghfw1q2sw75f/gradle-5.6.4/lib/log4j-over-slf4j-1.7.25.jar
7fbd0cd10000-7fbd0cd12000 r--s 00000000 08:06 21235715                   /home/madine/.gradle/wrapper/dists/gradle-5.6.4-all/ankdp27end7byghfw1q2sw75f/gradle-5.6.4/lib/jul-to-slf4j-1.7.25.jar
7fbd0cd12000-7fbd0cd14000 r--s 00003000 08:06 21235717                   /home/madine/.gradle/wrapper/dists/gradle-5.6.4-all/ankdp27end7byghfw1q2sw75f/gradle-5.6.4/lib/jcl-over-slf4j-1.7.25.jar
7fbd0cd14000-7fbd0cd1c000 r--s 00038000 08:06 21235697                   /home/madine/.gradle/wrapper/dists/gradle-5.6.4-all/ankdp27end7byghfw1q2sw75f/gradle-5.6.4/lib/gradle-logging-5.6.4.jar
7fbd0cd1c000-7fbd0cd1e000 r--s 00004000 08:06 21235708                   /home/madine/.gradle/wrapper/dists/gradle-5.6.4-all/ankdp27end7byghfw1q2sw75f/gradle-5.6.4/lib/gradle-files-5.6.4.jar
7fbd0cd1e000-7fbd0cd1f000 r--s 00004000 08:06 21235751                   /home/madine/.gradle/wrapper/dists/gradle-5.6.4-all/ankdp27end7byghfw1q2sw75f/gradle-5.6.4/lib/native-platform-freebsd-amd64-libcpp-0.18.jar
7fbd0cd1f000-7fbd0cd20000 r--s 00004000 08:06 21235752                   /home/madine/.gradle/wrapper/dists/gradle-5.6.4-all/ankdp27end7byghfw1q2sw75f/gradle-5.6.4/lib/native-platform-freebsd-amd64-libstdcpp-0.18.jar
7fbd0cd20000-7fbd0cd21000 r--s 00004000 08:06 21235753                   /home/madine/.gradle/wrapper/dists/gradle-5.6.4-all/ankdp27end7byghfw1q2sw75f/gradle-5.6.4/lib/native-platform-freebsd-i386-libcpp-0.18.jar
7fbd0cd21000-7fbd0cd22000 r--s 00004000 08:06 21235754                   /home/madine/.gradle/wrapper/dists/gradle-5.6.4-all/ankdp27end7byghfw1q2sw75f/gradle-5.6.4/lib/native-platform-freebsd-i386-libstdcpp-0.18.jar
7fbd0cd22000-7fbd0cd23000 r--s 00002000 08:06 21235755                   /home/madine/.gradle/wrapper/dists/gradle-5.6.4-all/ankdp27end7byghfw1q2sw75f/gradle-5.6.4/lib/native-platform-linux-aarch64-0.18.jar
7fbd0cd23000-7fbd0cd24000 r--s 00002000 08:06 21235756                   /home/madine/.gradle/wrapper/dists/gradle-5.6.4-all/ankdp27end7byghfw1q2sw75f/gradle-5.6.4/lib/native-platform-linux-amd64-0.18.jar
7fbd0cd24000-7fbd0cd25000 r--s 00002000 08:06 21235757                   /home/madine/.gradle/wrapper/dists/gradle-5.6.4-all/ankdp27end7byghfw1q2sw75f/gradle-5.6.4/lib/native-platform-linux-i386-0.18.jar
7fbd0cd25000-7fbd0cd26000 r--s 00003000 08:06 21235758                   /home/madine/.gradle/wrapper/dists/gradle-5.6.4-all/ankdp27end7byghfw1q2sw75f/gradle-5.6.4/lib/native-platform-osx-amd64-0.18.jar
7fbd0cd26000-7fbd0cd27000 r--s 00011000 08:06 21235759                   /home/madine/.gradle/wrapper/dists/gradle-5.6.4-all/ankdp27end7byghfw1q2sw75f/gradle-5.6.4/lib/native-platform-windows-amd64-0.18.jar
7fbd0cd27000-7fbd0cd29000 r--s 00010000 08:06 21235760                   /home/madine/.gradle/wrapper/dists/gradle-5.6.4-all/ankdp27end7byghfw1q2sw75f/gradle-5.6.4/lib/native-platform-windows-amd64-min-0.18.jar
7fbd0cd29000-7fbd0cd2a000 r--s 0000f000 08:06 21235761                   /home/madine/.gradle/wrapper/dists/gradle-5.6.4-all/ankdp27end7byghfw1q2sw75f/gradle-5.6.4/lib/native-platform-windows-i386-0.18.jar
7fbd0cd2a000-7fbd0cd2b000 r--s 0000f000 08:06 21235762                   /home/madine/.gradle/wrapper/dists/gradle-5.6.4-all/ankdp27end7byghfw1q2sw75f/gradle-5.6.4/lib/native-platform-windows-i386-min-0.18.jar
7fbd0cd2b000-7fbd0cd2c000 r--s 00001000 08:06 21235763                   /home/madine/.gradle/wrapper/dists/gradle-5.6.4-all/ankdp27end7byghfw1q2sw75f/gradle-5.6.4/lib/native-platform-linux-aarch64-ncurses5-0.18.jar
7fbd0cd2c000-7fbd0cd2e000 r--s 00001000 08:06 21235764                   /home/madine/.gradle/wrapper/dists/gradle-5.6.4-all/ankdp27end7byghfw1q2sw75f/gradle-5.6.4/lib/native-platform-linux-amd64-ncurses5-0.18.jar
7fbd0cd2e000-7fbd0cd2f000 r--s 00001000 08:06 21235765                   /home/madine/.gradle/wrapper/dists/gradle-5.6.4-all/ankdp27end7byghfw1q2sw75f/gradle-5.6.4/lib/native-platform-linux-amd64-ncurses6-0.18.jar
7fbd0cd2f000-7fbd0cd30000 r--s 00001000 08:06 21235766                   /home/madine/.gradle/wrapper/dists/gradle-5.6.4-all/ankdp27end7byghfw1q2sw75f/gradle-5.6.4/lib/native-platform-linux-i386-ncurses5-0.18.jar
7fbd0cd30000-7fbd0cd35000 r--s 0001a000 08:06 21235738                   /home/madine/.gradle/wrapper/dists/gradle-5.6.4-all/ankdp27end7byghfw1q2sw75f/gradle-5.6.4/lib/native-platform-0.18.jar
7fbd0cd35000-7fbd0cd39000 r--s 00042000 08:06 21235735                   /home/madine/.gradle/wrapper/dists/gradle-5.6.4-all/ankdp27end7byghfw1q2sw75f/gradle-5.6.4/lib/jansi-1.17.1.jar
7fbd0cd39000-7fbd0cd3c000 r--s 0000c000 08:06 21235702                   /home/madine/.gradle/wrapper/dists/gradle-5.6.4-all/ankdp27end7byghfw1q2sw75f/gradle-5.6.4/lib/gradle-native-5.6.4.jar
7fbd0cd3c000-7fbd0cd3e000 r--s 0000c000 08:06 21235739                   /home/madine/.gradle/wrapper/dists/gradle-5.6.4-all/ankdp27end7byghfw1q2sw75f/gradle-5.6.4/lib/objenesis-2.6.jar
7fbd0cd3e000-7fbd0cd40000 r--s 00000000 08:06 21235747                   /home/madine/.gradle/wrapper/dists/gradle-5.6.4-all/ankdp27end7byghfw1q2sw75f/gradle-5.6.4/lib/minlog-1.2.jar
7fbd0cd40000-7fbd0cd46000 r--s 0004d000 08:06 21235737                   /home/madine/.gradle/wrapper/dists/gradle-5.6.4-all/ankdp27end7byghfw1q2sw75f/gradle-5.6.4/lib/kryo-2.24.0.jar
7fbd0cd46000-7fbd0cd49000 r--s 0001c000 08:06 21235734                   /home/madine/.gradle/wrapper/dists/gradle-5.6.4-all/ankdp27end7byghfw1q2sw75f/gradle-5.6.4/lib/fastutil-8.2.1-min.jar
7fbd0cd49000-7fbd0cd50000 r--s 0002f000 08:06 21235701                   /home/madine/.gradle/wrapper/dists/gradle-5.6.4-all/ankdp27end7byghfw1q2sw75f/gradle-5.6.4/lib/gradle-messaging-5.6.4.jar
7fbd0cd50000-7fbd0cd80000 r--s 0024c000 08:06 21235719                   /home/madine/.gradle/wrapper/dists/gradle-5.6.4-all/ankdp27end7byghfw1q2sw75f/gradle-5.6.4/lib/guava-27.1-android.jar
7fbd0cd80000-7fbd0cdfe000 r--s 00759000 08:06 21235714                   /home/madine/.gradle/wrapper/dists/gradle-5.6.4-all/ankdp27end7byghfw1q2sw75f/gradle-5.6.4/lib/groovy-all-1.3-2.5.4.jar
7fbd0cdfe000-7fbd0cdff000 ---p 00000000 00:00 0 
7fbd0cdff000-7fbd0ceff000 rw-p 00000000 00:00 0 
7fbd0ceff000-7fbd0cf02000 ---p 00000000 00:00 0 
7fbd0cf02000-7fbd10000000 rw-p 00000000 00:00 0 
7fbd10000000-7fbd10021000 rw-p 00000000 00:00 0 
7fbd10021000-7fbd14000000 ---p 00000000 00:00 0 
7fbd14000000-7fbd14001000 r--s 00001000 08:06 21235767                   /home/madine/.gradle/wrapper/dists/gradle-5.6.4-all/ankdp27end7byghfw1q2sw75f/gradle-5.6.4/lib/native-platform-linux-i386-ncurses6-0.18.jar
7fbd14001000-7fbd14003000 r--s 00005000 08:06 21235706                   /home/madine/.gradle/wrapper/dists/gradle-5.6.4-all/ankdp27end7byghfw1q2sw75f/gradle-5.6.4/lib/gradle-cli-5.6.4.jar
7fbd14003000-7fbd14005000 r--s 00003000 08:06 21235711                   /home/madine/.gradle/wrapper/dists/gradle-5.6.4-all/ankdp27end7byghfw1q2sw75f/gradle-5.6.4/lib/gradle-hashing-5.6.4.jar
7fbd14005000-7fbd14007000 r--s 00003000 08:06 21235736                   /home/madine/.gradle/wrapper/dists/gradle-5.6.4-all/ankdp27end7byghfw1q2sw75f/gradle-5.6.4/lib/jsr305-3.0.2.jar
7fbd14007000-7fbd1400c000 r--s 00041000 08:06 21235721                   /home/madine/.gradle/wrapper/dists/gradle-5.6.4-all/ankdp27end7byghfw1q2sw75f/gradle-5.6.4/lib/commons-lang-2.6.jar
7fbd1400c000-7fbd1402b000 r--s 001db000 08:06 21235726                   /home/madine/.gradle/wrapper/dists/gradle-5.6.4-all/ankdp27end7byghfw1q2sw75f/gradle-5.6.4/lib/ant-1.9.14.jar
7fbd1402b000-7fbd1402c000 ---p 00000000 00:00 0 
7fbd1402c000-7fbd1402f000 ---p 00000000 00:00 0 
7fbd1402f000-7fbd1412c000 rw-p 00000000 00:00 0 
7fbd1412c000-7fbd1412d000 ---p 00000000 00:00 0 
7fbd1412d000-7fbd14130000 ---p 00000000 00:00 0 
7fbd14130000-7fbd1422d000 rw-p 00000000 00:00 0 
7fbd1422d000-7fbd1422e000 ---p 00000000 00:00 0 
7fbd1422e000-7fbd14231000 ---p 00000000 00:00 0 
7fbd14231000-7fbd1432e000 rw-p 00000000 00:00 0 
7fbd1432e000-7fbd14331000 ---p 00000000 00:00 0 
7fbd14331000-7fbd1442f000 rw-p 00000000 00:00 0 
7fbd1442f000-7fbd14dfe000 r--p 00000000 08:06 14162574                   /usr/lib/locale/locale-archive
7fbd14dfe000-7fbd14e01000 ---p 00000000 00:00 0 
7fbd14e01000-7fbd14eff000 rw-p 00000000 00:00 0 
7fbd14eff000-7fbd14f02000 ---p 00000000 00:00 0 
7fbd14f02000-7fbd15000000 rw-p 00000000 00:00 0 
7fbd15000000-7fbd15590000 rwxp 00000000 00:00 0 
7fbd15590000-7fbd24000000 ---p 00000000 00:00 0 
7fbd24000000-7fbd252b2000 rw-p 00000000 00:00 0 
7fbd252b2000-7fbd28000000 ---p 00000000 00:00 0 
7fbd28000000-7fbd28001000 r--s 00003000 08:06 21235705                   /home/madine/.gradle/wrapper/dists/gradle-5.6.4-all/ankdp27end7byghfw1q2sw75f/gradle-5.6.4/lib/gradle-build-option-5.6.4.jar
7fbd28001000-7fbd28005000 r--s 00031000 08:06 21235720                   /home/madine/.gradle/wrapper/dists/gradle-5.6.4-all/ankdp27end7byghfw1q2sw75f/gradle-5.6.4/lib/commons-io-2.6.jar
7fbd28005000-7fbd28043000 r--s 0020d000 08:06 21235687                   /home/madine/.gradle/wrapper/dists/gradle-5.6.4-all/ankdp27end7byghfw1q2sw75f/gradle-5.6.4/lib/gradle-core-5.6.4.jar
7fbd28043000-7fbd28051000 r--s 00043000 08:06 21235694                   /home/madine/.gradle/wrapper/dists/gradle-5.6.4-all/ankdp27end7byghfw1q2sw75f/gradle-5.6.4/lib/gradle-core-api-5.6.4.jar
7fbd28051000-7fbd2805e000 r--s 00064000 08:06 21235704                   /home/madine/.gradle/wrapper/dists/gradle-5.6.4-all/ankdp27end7byghfw1q2sw75f/gradle-5.6.4/lib/gradle-base-services-5.6.4.jar
7fbd2805e000-7fbd2805f000 ---p 00000000 00:00 0 
7fbd2805f000-7fbd29140000 rw-p 00000000 00:00 0 
7fbd29140000-7fbd29313000 r--s 03cb1000 07:11 845                        /snap/android-studio/88/android-studio/jre/jre/lib/rt.jar
7fbd29313000-7fbd29ee4000 rw-p 00000000 00:00 0 
7fbd29ee4000-7fbd29ee5000 ---p 00000000 00:00 0 
7fbd29ee5000-7fbd29fe5000 rw-p 00000000 00:00 0 
7fbd29fe5000-7fbd29fe6000 ---p 00000000 00:00 0 
7fbd29fe6000-7fbd2a0e6000 rw-p 00000000 00:00 0 
7fbd2a0e6000-7fbd2a0e7000 ---p 00000000 00:00 0 
7fbd2a0e7000-7fbd2a1e7000 rw-p 00000000 00:00 0 
7fbd2a1e7000-7fbd2a1e8000 ---p 00000000 00:00 0 
7fbd2a1e8000-7fbd2a4e8000 rw-p 00000000 00:00 0 
7fbd2a4e8000-7fbd2a6e8000 rw-p 00000000 00:00 0 
7fbd2a6e8000-7fbd2a70c000 rw-p 00000000 00:00 0 
7fbd2a70c000-7fbd2a7e8000 ---p 00000000 00:00 0 
7fbd2a7e8000-7fbd2a800000 rw-p 00000000 00:00 0 
7fbd2a800000-7fbd2aba9000 ---p 00000000 00:00 0 
7fbd2aba9000-7fbd2abb4000 r-xp 00000000 08:06 12326097                   /lib/x86_64-linux-gnu/libnss_files-2.27.so
7fbd2abb4000-7fbd2adb3000 ---p 0000b000 08:06 12326097                   /lib/x86_64-linux-gnu/libnss_files-2.27.so
7fbd2adb3000-7fbd2adb4000 r--p 0000a000 08:06 12326097                   /lib/x86_64-linux-gnu/libnss_files-2.27.so
7fbd2adb4000-7fbd2adb5000 rw-p 0000b000 08:06 12326097                   /lib/x86_64-linux-gnu/libnss_files-2.27.so
7fbd2adb5000-7fbd2adbb000 rw-p 00000000 00:00 0 
7fbd2adbb000-7fbd2add2000 r-xp 00000000 08:06 12326091                   /lib/x86_64-linux-gnu/libnsl-2.27.so
7fbd2add2000-7fbd2afd1000 ---p 00017000 08:06 12326091                   /lib/x86_64-linux-gnu/libnsl-2.27.so
7fbd2afd1000-7fbd2afd2000 r--p 00016000 08:06 12326091                   /lib/x86_64-linux-gnu/libnsl-2.27.so
7fbd2afd2000-7fbd2afd3000 rw-p 00017000 08:06 12326091                   /lib/x86_64-linux-gnu/libnsl-2.27.so
7fbd2afd3000-7fbd2afd5000 rw-p 00000000 00:00 0 
7fbd2afd5000-7fbd2afe0000 r-xp 00000000 08:06 12326108                   /lib/x86_64-linux-gnu/libnss_nis-2.27.so
7fbd2afe0000-7fbd2b1df000 ---p 0000b000 08:06 12326108                   /lib/x86_64-linux-gnu/libnss_nis-2.27.so
7fbd2b1df000-7fbd2b1e0000 r--p 0000a000 08:06 12326108                   /lib/x86_64-linux-gnu/libnss_nis-2.27.so
7fbd2b1e0000-7fbd2b1e1000 rw-p 0000b000 08:06 12326108                   /lib/x86_64-linux-gnu/libnss_nis-2.27.so
7fbd2b1e1000-7fbd2b1e9000 r-xp 00000000 08:06 12326093                   /lib/x86_64-linux-gnu/libnss_compat-2.27.so
7fbd2b1e9000-7fbd2b3e9000 ---p 00008000 08:06 12326093                   /lib/x86_64-linux-gnu/libnss_compat-2.27.so
7fbd2b3e9000-7fbd2b3ea000 r--p 00008000 08:06 12326093                   /lib/x86_64-linux-gnu/libnss_compat-2.27.so
7fbd2b3ea000-7fbd2b3eb000 rw-p 00009000 08:06 12326093                   /lib/x86_64-linux-gnu/libnss_compat-2.27.so
7fbd2b3eb000-7fbd2b3f2000 r-xp 00000000 08:06 12326148                   /lib/x86_64-linux-gnu/librt-2.27.so
7fbd2b3f2000-7fbd2b5f1000 ---p 00007000 08:06 12326148                   /lib/x86_64-linux-gnu/librt-2.27.so
7fbd2b5f1000-7fbd2b5f2000 r--p 00006000 08:06 12326148                   /lib/x86_64-linux-gnu/librt-2.27.so
7fbd2b5f2000-7fbd2b5f3000 rw-p 00007000 08:06 12326148                   /lib/x86_64-linux-gnu/librt-2.27.so
7fbd2b5f3000-7fbd2b790000 r-xp 00000000 08:06 12326070                   /lib/x86_64-linux-gnu/libm-2.27.so
7fbd2b790000-7fbd2b98f000 ---p 0019d000 08:06 12326070                   /lib/x86_64-linux-gnu/libm-2.27.so
7fbd2b98f000-7fbd2b990000 r--p 0019c000 08:06 12326070                   /lib/x86_64-linux-gnu/libm-2.27.so
7fbd2b990000-7fbd2b991000 rw-p 0019d000 08:06 12326070                   /lib/x86_64-linux-gnu/libm-2.27.so
7fbd2b991000-7fbd2c5b8000 r-xp 00000000 07:11 766                        /snap/android-studio/88/android-studio/jre/jre/lib/amd64/server/libjvm.so
7fbd2c5b8000-7fbd2c660000 r--p 00c26000 07:11 766                        /snap/android-studio/88/android-studio/jre/jre/lib/amd64/server/libjvm.so
7fbd2c660000-7fbd2c689000 rw-p 00cce000 07:11 766                        /snap/android-studio/88/android-studio/jre/jre/lib/amd64/server/libjvm.so
7fbd2c689000-7fbd2c6cd000 rw-p 00000000 00:00 0 
7fbd2c6cd000-7fbd2c8b4000 r-xp 00000000 08:06 12326007                   /lib/x86_64-linux-gnu/libc-2.27.so
7fbd2c8b4000-7fbd2cab4000 ---p 001e7000 08:06 12326007                   /lib/x86_64-linux-gnu/libc-2.27.so
7fbd2cab4000-7fbd2cab8000 r--p 001e7000 08:06 12326007                   /lib/x86_64-linux-gnu/libc-2.27.so
7fbd2cab8000-7fbd2caba000 rw-p 001eb000 08:06 12326007                   /lib/x86_64-linux-gnu/libc-2.27.so
7fbd2caba000-7fbd2cabe000 rw-p 00000000 00:00 0 
7fbd2cabe000-7fbd2cac1000 r-xp 00000000 08:06 12326030                   /lib/x86_64-linux-gnu/libdl-2.27.so
7fbd2cac1000-7fbd2ccc0000 ---p 00003000 08:06 12326030                   /lib/x86_64-linux-gnu/libdl-2.27.so
7fbd2ccc0000-7fbd2ccc1000 r--p 00002000 08:06 12326030                   /lib/x86_64-linux-gnu/libdl-2.27.so
7fbd2ccc1000-7fbd2ccc2000 rw-p 00003000 08:06 12326030                   /lib/x86_64-linux-gnu/libdl-2.27.so
7fbd2ccc2000-7fbd2ccdc000 r-xp 00000000 08:06 12326140                   /lib/x86_64-linux-gnu/libpthread-2.27.so
7fbd2ccdc000-7fbd2cedb000 ---p 0001a000 08:06 12326140                   /lib/x86_64-linux-gnu/libpthread-2.27.so
7fbd2cedb000-7fbd2cedc000 r--p 00019000 08:06 12326140                   /lib/x86_64-linux-gnu/libpthread-2.27.so
7fbd2cedc000-7fbd2cedd000 rw-p 0001a000 08:06 12326140                   /lib/x86_64-linux-gnu/libpthread-2.27.so
7fbd2cedd000-7fbd2cee1000 rw-p 00000000 00:00 0 
7fbd2cee1000-7fbd2cf08000 r-xp 00000000 08:06 12325979                   /lib/x86_64-linux-gnu/ld-2.27.so
7fbd2cf08000-7fbd2cf09000 r--s 00000000 08:06 21235712                   /home/madine/.gradle/wrapper/dists/gradle-5.6.4-all/ankdp27end7byghfw1q2sw75f/gradle-5.6.4/lib/gradle-pineapple-5.6.4.jar
7fbd2cf09000-7fbd2cf0b000 r--s 00000000 08:06 21235749                   /home/madine/.gradle/wrapper/dists/gradle-5.6.4-all/ankdp27end7byghfw1q2sw75f/gradle-5.6.4/lib/failureaccess-1.0.1.jar
7fbd2cf0b000-7fbd2cf18000 r--s 0006c000 08:06 21235679                   /home/madine/.gradle/wrapper/dists/gradle-5.6.4-all/ankdp27end7byghfw1q2sw75f/gradle-5.6.4/lib/gradle-launcher-5.6.4.jar
7fbd2cf18000-7fbd2cf7f000 rw-p 00000000 00:00 0 
7fbd2cf7f000-7fbd2cf9a000 r-xp 00000000 07:11 762                        /snap/android-studio/88/android-studio/jre/jre/lib/amd64/libzip.so
7fbd2cf9a000-7fbd2cf9b000 r--p 0001a000 07:11 762                        /snap/android-studio/88/android-studio/jre/jre/lib/amd64/libzip.so
7fbd2cf9b000-7fbd2cf9c000 rw-p 0001b000 07:11 762                        /snap/android-studio/88/android-studio/jre/jre/lib/amd64/libzip.so
7fbd2cf9c000-7fbd2cfa4000 rw-s 00000000 08:06 7081307                    /tmp/hsperfdata_madine/13307
7fbd2cfa4000-7fbd2cfcf000 r-xp 00000000 07:11 741                        /snap/android-studio/88/android-studio/jre/jre/lib/amd64/libjava.so
7fbd2cfcf000-7fbd2cfd0000 r--p 0002a000 07:11 741                        /snap/android-studio/88/android-studio/jre/jre/lib/amd64/libjava.so
7fbd2cfd0000-7fbd2cfd2000 rw-p 0002b000 07:11 741                        /snap/android-studio/88/android-studio/jre/jre/lib/amd64/libjava.so
7fbd2cfd2000-7fbd2cfd3000 ---p 00000000 00:00 0 
7fbd2cfd3000-7fbd2cfd6000 ---p 00000000 00:00 0 
7fbd2cfd6000-7fbd2d0d5000 rw-p 00000000 00:00 0 
7fbd2d0d5000-7fbd2d0eb000 r-xp 00000000 07:11 863                        /snap/android-studio/88/android-studio/jre/lib/amd64/jli/libjli.so
7fbd2d0eb000-7fbd2d0ec000 r--p 00015000 07:11 863                        /snap/android-studio/88/android-studio/jre/lib/amd64/jli/libjli.so
7fbd2d0ec000-7fbd2d0ed000 rw-p 00016000 07:11 863                        /snap/android-studio/88/android-studio/jre/lib/amd64/jli/libjli.so
7fbd2d0ed000-7fbd2d0ef000 rw-p 00000000 00:00 0 
7fbd2d0ef000-7fbd2d0f1000 r--s 0001b000 08:06 21235725                   /home/madine/.gradle/wrapper/dists/gradle-5.6.4-all/ankdp27end7byghfw1q2sw75f/gradle-5.6.4/lib/asm-7.1.jar
7fbd2d0f1000-7fbd2d0f3000 r--s 00009000 08:06 21235718                   /home/madine/.gradle/wrapper/dists/gradle-5.6.4-all/ankdp27end7byghfw1q2sw75f/gradle-5.6.4/lib/slf4j-api-1.7.25.jar
7fbd2d0f3000-7fbd2d0f4000 r--s 00004000 08:06 21235746                   /home/madine/.gradle/wrapper/dists/gradle-5.6.4-all/ankdp27end7byghfw1q2sw75f/gradle-5.6.4/lib/ant-launcher-1.9.14.jar
7fbd2d0f4000-7fbd2d0f6000 r--s 00001000 08:06 21235685                   /home/madine/.gradle/wrapper/dists/gradle-5.6.4-all/ankdp27end7byghfw1q2sw75f/gradle-5.6.4/lib/gradle-bootstrap-5.6.4.jar
7fbd2d0f6000-7fbd2d0f7000 rw-p 00000000 00:00 0 
7fbd2d0f7000-7fbd2d0f8000 ---p 00000000 00:00 0 
7fbd2d0f8000-7fbd2d105000 r-xp 00000000 07:11 761                        /snap/android-studio/88/android-studio/jre/jre/lib/amd64/libverify.so
7fbd2d105000-7fbd2d107000 r--p 0000c000 07:11 761                        /snap/android-studio/88/android-studio/jre/jre/lib/amd64/libverify.so
7fbd2d107000-7fbd2d108000 rw-p 0000e000 07:11 761                        /snap/android-studio/88/android-studio/jre/jre/lib/amd64/libverify.so
7fbd2d108000-7fbd2d109000 r--p 00027000 08:06 12325979                   /lib/x86_64-linux-gnu/ld-2.27.so
7fbd2d109000-7fbd2d10a000 rw-p 00028000 08:06 12325979                   /lib/x86_64-linux-gnu/ld-2.27.so
7fbd2d10a000-7fbd2d10b000 rw-p 00000000 00:00 0 
7fff28f22000-7fff28f43000 rw-p 00000000 00:00 0                          [stack]
7fff28fbe000-7fff28fc1000 r--p 00000000 00:00 0                          [vvar]
7fff28fc1000-7fff28fc2000 r-xp 00000000 00:00 0                          [vdso]
ffffffffff600000-ffffffffff601000 --xp 00000000 00:00 0                  [vsyscall]

VM Arguments:
jvm_args: -Xmx1536m -Dfile.encoding=UTF-8 -Duser.country=FR -Duser.language=fr -Duser.variant 
java_command: org.gradle.launcher.daemon.bootstrap.GradleDaemon 5.6.4
java_class_path (initial): /home/madine/.gradle/wrapper/dists/gradle-5.6.4-all/ankdp27end7byghfw1q2sw75f/gradle-5.6.4/lib/gradle-launcher-5.6.4.jar
Launcher Type: SUN_STANDARD

Environment Variables:
PATH=/usr/local/sbin:/usr/local/bin:/usr/sbin:/usr/bin:/sbin:/bin:/usr/games:/usr/local/games:/home/madine/android-studio-ide-192.6308749-linux/android-studio/bin:/snap/bin
USERNAME=madine
SHELL=/bin/bash
DISPLAY=:0

Signal Handlers:
SIGSEGV: [libjvm.so+0xa0bf30], sa_mask[0]=11111111011111111101111111111110, sa_flags=SA_RESTART|SA_SIGINFO
SIGBUS: [libjvm.so+0xa0bf30], sa_mask[0]=11111111011111111101111111111110, sa_flags=SA_RESTART|SA_SIGINFO
SIGFPE: [libjvm.so+0x86d4c0], sa_mask[0]=11111111011111111101111111111110, sa_flags=SA_RESTART|SA_SIGINFO
SIGPIPE: [libjvm.so+0x86d4c0], sa_mask[0]=11111111011111111101111111111110, sa_flags=SA_RESTART|SA_SIGINFO
SIGXFSZ: [libjvm.so+0x86d4c0], sa_mask[0]=11111111011111111101111111111110, sa_flags=SA_RESTART|SA_SIGINFO
SIGILL: [libjvm.so+0x86d4c0], sa_mask[0]=11111111011111111101111111111110, sa_flags=SA_RESTART|SA_SIGINFO
SIGUSR1: SIG_DFL, sa_mask[0]=00000000000000000000000000000000, sa_flags=none
SIGUSR2: [libjvm.so+0x86d390], sa_mask[0]=00100000000000000000000000000000, sa_flags=SA_RESTART|SA_SIGINFO
SIGHUP: [libjvm.so+0x86d580], sa_mask[0]=11111111011111111101111111111110, sa_flags=SA_RESTART|SA_SIGINFO
SIGINT: [libjvm.so+0x86d580], sa_mask[0]=11111111011111111101111111111110, sa_flags=SA_RESTART|SA_SIGINFO
SIGTERM: [libjvm.so+0x86d580], sa_mask[0]=11111111011111111101111111111110, sa_flags=SA_RESTART|SA_SIGINFO
SIGQUIT: [libjvm.so+0x86d580], sa_mask[0]=11111111011111111101111111111110, sa_flags=SA_RESTART|SA_SIGINFO


---------------  S Y S T E M  ---------------

OS:DISTRIB_ID=Ubuntu
DISTRIB_RELEASE=18.04
DISTRIB_CODENAME=bionic
DISTRIB_DESCRIPTION="Ubuntu 18.04.4 LTS"

uname:Linux 5.3.0-46-generic #38~18.04.1-Ubuntu SMP Tue Mar 31 04:17:56 UTC 2020 x86_64
libc:glibc 2.27 NPTL 2.27 
rlimit: STACK 8192k, CORE 0k, NPROC 30718, NOFILE 1048576, AS infinity
load average:1,11 0,85 0,93

/proc/meminfo:
MemTotal:        7912532 kB
MemFree:          144640 kB
MemAvailable:    3212832 kB
Buffers:          401412 kB
Cached:          2988484 kB
SwapCached:       115416 kB
Active:          5471656 kB
Inactive:        1811980 kB
Active(anon):    3707884 kB
Inactive(anon):   408252 kB
Active(file):    1763772 kB
Inactive(file):  1403728 kB
Unevictable:       38116 kB
Mlocked:              16 kB
SwapTotal:       2097148 kB
SwapFree:        1974780 kB
Dirty:             15880 kB
Writeback:            16 kB
AnonPages:       3816148 kB
Mapped:           745492 kB
Shmem:            222948 kB
KReclaimable:     213684 kB
Slab:             293676 kB
SReclaimable:     213684 kB
SUnreclaim:        79992 kB
KernelStack:       15376 kB
PageTables:        64748 kB
NFS_Unstable:          0 kB
Bounce:                0 kB
WritebackTmp:          0 kB
CommitLimit:     6053412 kB
Committed_AS:   10891668 kB
VmallocTotal:   34359738367 kB
VmallocUsed:       31984 kB
VmallocChunk:          0 kB
Percpu:             2064 kB
HardwareCorrupted:     0 kB
AnonHugePages:         0 kB
ShmemHugePages:        0 kB
ShmemPmdMapped:        0 kB
CmaTotal:              0 kB
CmaFree:               0 kB
HugePages_Total:       0
HugePages_Free:        0
HugePages_Rsvd:        0
HugePages_Surp:        0
Hugepagesize:       2048 kB
Hugetlb:               0 kB
DirectMap4k:      290196 kB
DirectMap2M:     5758976 kB
DirectMap1G:     2097152 kB

container (cgroup) information:
container_type: cgroupv1
cpu_cpuset_cpus: 0-3
cpu_memory_nodes: 0
active_processor_count: 4
cpu_quota: -1
cpu_period: 100000
cpu_shares: -1
memory_limit_in_bytes: -1
memory_and_swap_limit_in_bytes: -2
memory_soft_limit_in_bytes: -1
memory_usage_in_bytes: 7497469952
memory_max_usage_in_bytes: 17190912


CPU:total 4 (initial active 4) (2 cores per cpu, 2 threads per core) family 6 model 78 stepping 3, cmov, cx8, fxsr, mmx, sse, sse2, sse3, ssse3, sse4.1, sse4.2, popcnt, avx, avx2, aes, clmul, erms, 3dnowpref, lzcnt, ht, tsc, tscinvbit, bmi1, bmi2, adx

/proc/cpuinfo:
processor	: 0
vendor_id	: GenuineIntel
cpu family	: 6
model		: 78
model name	: Intel(R) Core(TM) i3-6006U CPU @ 2.00GHz
stepping	: 3
microcode	: 0xd6
cpu MHz		: 2000.028
cache size	: 3072 KB
physical id	: 0
siblings	: 4
core id		: 0
cpu cores	: 2
apicid		: 0
initial apicid	: 0
fpu		: yes
fpu_exception	: yes
cpuid level	: 22
wp		: yes
flags		: fpu vme de pse tsc msr pae mce cx8 apic sep mtrr pge mca cmov pat pse36 clflush dts acpi mmx fxsr sse sse2 ss ht tm pbe syscall nx pdpe1gb rdtscp lm constant_tsc art arch_perfmon pebs bts rep_good nopl xtopology nonstop_tsc cpuid aperfmperf pni pclmulqdq dtes64 monitor ds_cpl vmx est tm2 ssse3 sdbg fma cx16 xtpr pdcm pcid sse4_1 sse4_2 x2apic movbe popcnt tsc_deadline_timer aes xsave avx f16c rdrand lahf_lm abm 3dnowprefetch cpuid_fault epb invpcid_single pti ssbd ibrs ibpb stibp tpr_shadow vnmi flexpriority ept vpid ept_ad fsgsbase tsc_adjust bmi1 avx2 smep bmi2 erms invpcid mpx rdseed adx smap clflushopt intel_pt xsaveopt xsavec xgetbv1 xsaves dtherm arat pln pts hwp hwp_notify hwp_act_window hwp_epp md_clear flush_l1d
bugs		: cpu_meltdown spectre_v1 spectre_v2 spec_store_bypass l1tf mds swapgs itlb_multihit
bogomips	: 3999.93
clflush size	: 64
cache_alignment	: 64
address sizes	: 39 bits physical, 48 bits virtual
power management:

processor	: 1
vendor_id	: GenuineIntel
cpu family	: 6
model		: 78
model name	: Intel(R) Core(TM) i3-6006U CPU @ 2.00GHz
stepping	: 3
microcode	: 0xd6
cpu MHz		: 2000.000
cache size	: 3072 KB
physical id	: 0
siblings	: 4
core id		: 1
cpu cores	: 2
apicid		: 2
initial apicid	: 2
fpu		: yes
fpu_exception	: yes
cpuid level	: 22
wp		: yes
flags		: fpu vme de pse tsc msr pae mce cx8 apic sep mtrr pge mca cmov pat pse36 clflush dts acpi mmx fxsr sse sse2 ss ht tm pbe syscall nx pdpe1gb rdtscp lm constant_tsc art arch_perfmon pebs bts rep_good nopl xtopology nonstop_tsc cpuid aperfmperf pni pclmulqdq dtes64 monitor ds_cpl vmx est tm2 ssse3 sdbg fma cx16 xtpr pdcm pcid sse4_1 sse4_2 x2apic movbe popcnt tsc_deadline_timer aes xsave avx f16c rdrand lahf_lm abm 3dnowprefetch cpuid_fault epb invpcid_single pti ssbd ibrs ibpb stibp tpr_shadow vnmi flexpriority ept vpid ept_ad fsgsbase tsc_adjust bmi1 avx2 smep bmi2 erms invpcid mpx rdseed adx smap clflushopt intel_pt xsaveopt xsavec xgetbv1 xsaves dtherm arat pln pts hwp hwp_notify hwp_act_window hwp_epp md_clear flush_l1d
bugs		: cpu_meltdown spectre_v1 spectre_v2 spec_store_bypass l1tf mds swapgs itlb_multihit
bogomips	: 3999.93
clflush size	: 64
cache_alignment	: 64
address sizes	: 39 bits physical, 48 bits virtual
power management:

processor	: 2
vendor_id	: GenuineIntel
cpu family	: 6
model		: 78
model name	: Intel(R) Core(TM) i3-6006U CPU @ 2.00GHz
stepping	: 3
microcode	: 0xd6
cpu MHz		: 1999.992
cache size	: 3072 KB
physical id	: 0
siblings	: 4
core id		: 0
cpu cores	: 2
apicid		: 1
initial apicid	: 1
fpu		: yes
fpu_exception	: yes
cpuid level	: 22
wp		: yes
flags		: fpu vme de pse tsc msr pae mce cx8 apic sep mtrr pge mca cmov pat pse36 clflush dts acpi mmx fxsr sse sse2 ss ht tm pbe syscall nx pdpe1gb rdtscp lm constant_tsc art arch_perfmon pebs bts rep_good nopl xtopology nonstop_tsc cpuid aperfmperf pni pclmulqdq dtes64 monitor ds_cpl vmx est tm2 ssse3 sdbg fma cx16 xtpr pdcm pcid sse4_1 sse4_2 x2apic movbe popcnt tsc_deadline_timer aes xsave avx f16c rdrand lahf_lm abm 3dnowprefetch cpuid_fault epb invpcid_single pti ssbd ibrs ibpb stibp tpr_shadow vnmi flexpriority ept vpid ept_ad fsgsbase tsc_adjust bmi1 avx2 smep bmi2 erms invpcid mpx rdseed adx smap clflushopt intel_pt xsaveopt xsavec xgetbv1 xsaves dtherm arat pln pts hwp hwp_notify hwp_act_window hwp_epp md_clear flush_l1d
bugs		: cpu_meltdown spectre_v1 spectre_v2 spec_store_bypass l1tf mds swapgs itlb_multihit
bogomips	: 3999.93
clflush size	: 64
cache_alignment	: 64
address sizes	: 39 bits physical, 48 bits virtual
power management:

processor	: 3
vendor_id	: GenuineIntel
cpu family	: 6
model		: 78
model name	: Intel(R) Core(TM) i3-6006U CPU @ 2.00GHz
stepping	: 3
microcode	: 0xd6
cpu MHz		: 2000.000
cache size	: 3072 KB
physical id	: 0
siblings	: 4
core id		: 1
cpu cores	: 2
apicid		: 3
initial apicid	: 3
fpu		: yes
fpu_exception	: yes
cpuid level	: 22
wp		: yes
flags		: fpu vme de pse tsc msr pae mce cx8 apic sep mtrr pge mca cmov pat pse36 clflush dts acpi mmx fxsr sse sse2 ss ht tm pbe syscall nx pdpe1gb rdtscp lm constant_tsc art arch_perfmon pebs bts rep_good nopl xtopology nonstop_tsc cpuid aperfmperf pni pclmulqdq dtes64 monitor ds_cpl vmx est tm2 ssse3 sdbg fma cx16 xtpr pdcm pcid sse4_1 sse4_2 x2apic movbe popcnt tsc_deadline_timer aes xsave avx f16c rdrand lahf_lm abm 3dnowprefetch cpuid_fault epb invpcid_single pti ssbd ibrs ibpb stibp tpr_shadow vnmi flexpriority ept vpid ept_ad fsgsbase tsc_adjust bmi1 avx2 smep bmi2 erms invpcid mpx rdseed adx smap clflushopt intel_pt xsaveopt xsavec xgetbv1 xsaves dtherm arat pln pts hwp hwp_notify hwp_act_window hwp_epp md_clear flush_l1d
bugs		: cpu_meltdown spectre_v1 spectre_v2 spec_store_bypass l1tf mds swapgs itlb_multihit
bogomips	: 3999.93
clflush size	: 64
cache_alignment	: 64
address sizes	: 39 bits physical, 48 bits virtual
power management:



Memory: 4k page, physical 7912532k(144892k free), swap 2097148k(1973756k free)

vm_info: OpenJDK 64-Bit Server VM (25.212-b4-5784211) for linux-amd64 JRE (1.8.0_212-release-1586-b4-5784211), built by "android-build" with gcc 4.8

time: Mon Apr 27 22:32:47 2020
timezone: CEST
elapsed time: 4 seconds (0d 0h 0m 4s)

